2017-11-11 17:17:59  DEBUG 0ms|>- Logging initialized using 'class org.apache.ibatis.logging.slf4j.Slf4jImpl' adapter.
 <org.apache.ibatis.logging.LogFactory.setImplementation(LogFactory.java:135)> 
2017-11-11 17:17:59  DEBUG 151ms|>- PooledDataSource forcefully closed/removed all connections.
 <org.apache.ibatis.datasource.pooled.PooledDataSource.forceCloseAll(PooledDataSource.java:335)> 
2017-11-11 17:17:59  DEBUG 151ms|>- PooledDataSource forcefully closed/removed all connections.
 <org.apache.ibatis.datasource.pooled.PooledDataSource.forceCloseAll(PooledDataSource.java:335)> 
2017-11-11 17:17:59  DEBUG 151ms|>- PooledDataSource forcefully closed/removed all connections.
 <org.apache.ibatis.datasource.pooled.PooledDataSource.forceCloseAll(PooledDataSource.java:335)> 
2017-11-11 17:17:59  DEBUG 151ms|>- PooledDataSource forcefully closed/removed all connections.
 <org.apache.ibatis.datasource.pooled.PooledDataSource.forceCloseAll(PooledDataSource.java:335)> 
2017-11-11 17:18:00  DEBUG 528ms|>- Opening JDBC Connection
 <org.apache.ibatis.transaction.jdbc.JdbcTransaction.openConnection(JdbcTransaction.java:137)> 
2017-11-11 17:18:00  DEBUG 785ms|>- Created connection 2087266743.
 <org.apache.ibatis.datasource.pooled.PooledDataSource.popConnection(PooledDataSource.java:406)> 
2017-11-11 17:18:00  DEBUG 786ms|>- Setting autocommit to false on JDBC Connection [com.mysql.jdbc.JDBC4Connection@7c6929b7]
 <org.apache.ibatis.transaction.jdbc.JdbcTransaction.setDesiredAutoCommit(JdbcTransaction.java:101)> 
2017-11-11 17:18:00  DEBUG 792ms|>- ==>  Preparing: select gid, gname, tid, price, descption, imgPath, filePath, stock from goods where gid = ? 
 <org.apache.ibatis.logging.jdbc.BaseJdbcLogger.debug(BaseJdbcLogger.java:159)> 
2017-11-11 17:18:00  DEBUG 838ms|>- ==> Parameters: 1(Integer)
 <org.apache.ibatis.logging.jdbc.BaseJdbcLogger.debug(BaseJdbcLogger.java:159)> 
2017-11-11 17:18:00  DEBUG 867ms|>- <==      Total: 1
 <org.apache.ibatis.logging.jdbc.BaseJdbcLogger.debug(BaseJdbcLogger.java:159)> 
2017-11-11 17:19:40  DEBUG 0ms|>- Logging initialized using 'class org.apache.ibatis.logging.slf4j.Slf4jImpl' adapter.
 <org.apache.ibatis.logging.LogFactory.setImplementation(LogFactory.java:135)> 
2017-11-11 17:19:40  DEBUG 131ms|>- PooledDataSource forcefully closed/removed all connections.
 <org.apache.ibatis.datasource.pooled.PooledDataSource.forceCloseAll(PooledDataSource.java:335)> 
2017-11-11 17:19:40  DEBUG 132ms|>- PooledDataSource forcefully closed/removed all connections.
 <org.apache.ibatis.datasource.pooled.PooledDataSource.forceCloseAll(PooledDataSource.java:335)> 
2017-11-11 17:19:40  DEBUG 132ms|>- PooledDataSource forcefully closed/removed all connections.
 <org.apache.ibatis.datasource.pooled.PooledDataSource.forceCloseAll(PooledDataSource.java:335)> 
2017-11-11 17:19:40  DEBUG 132ms|>- PooledDataSource forcefully closed/removed all connections.
 <org.apache.ibatis.datasource.pooled.PooledDataSource.forceCloseAll(PooledDataSource.java:335)> 
2017-11-11 17:19:41  DEBUG 333ms|>- Opening JDBC Connection
 <org.apache.ibatis.transaction.jdbc.JdbcTransaction.openConnection(JdbcTransaction.java:137)> 
2017-11-11 17:19:41  DEBUG 561ms|>- Created connection 1902741306.
 <org.apache.ibatis.datasource.pooled.PooledDataSource.popConnection(PooledDataSource.java:406)> 
2017-11-11 17:19:41  DEBUG 561ms|>- Setting autocommit to false on JDBC Connection [com.mysql.jdbc.JDBC4Connection@7169873a]
 <org.apache.ibatis.transaction.jdbc.JdbcTransaction.setDesiredAutoCommit(JdbcTransaction.java:101)> 
2017-11-11 17:19:41  DEBUG 564ms|>- ==>  Preparing: select gid, gname, tid, price, descption, imgPath, filePath, stock from goods where gid = ? 
 <org.apache.ibatis.logging.jdbc.BaseJdbcLogger.debug(BaseJdbcLogger.java:159)> 
2017-11-11 17:19:41  DEBUG 576ms|>- ==> Parameters: 1(Integer)
 <org.apache.ibatis.logging.jdbc.BaseJdbcLogger.debug(BaseJdbcLogger.java:159)> 
2017-11-11 17:19:41  DEBUG 585ms|>- <==      Total: 1
 <org.apache.ibatis.logging.jdbc.BaseJdbcLogger.debug(BaseJdbcLogger.java:159)> 
2017-11-11 17:22:28  DEBUG 0ms|>- Logging initialized using 'class org.apache.ibatis.logging.slf4j.Slf4jImpl' adapter.
 <org.apache.ibatis.logging.LogFactory.setImplementation(LogFactory.java:135)> 
2017-11-11 17:22:28  DEBUG 120ms|>- PooledDataSource forcefully closed/removed all connections.
 <org.apache.ibatis.datasource.pooled.PooledDataSource.forceCloseAll(PooledDataSource.java:335)> 
2017-11-11 17:22:28  DEBUG 120ms|>- PooledDataSource forcefully closed/removed all connections.
 <org.apache.ibatis.datasource.pooled.PooledDataSource.forceCloseAll(PooledDataSource.java:335)> 
2017-11-11 17:22:28  DEBUG 120ms|>- PooledDataSource forcefully closed/removed all connections.
 <org.apache.ibatis.datasource.pooled.PooledDataSource.forceCloseAll(PooledDataSource.java:335)> 
2017-11-11 17:22:28  DEBUG 120ms|>- PooledDataSource forcefully closed/removed all connections.
 <org.apache.ibatis.datasource.pooled.PooledDataSource.forceCloseAll(PooledDataSource.java:335)> 
2017-11-11 17:22:28  DEBUG 330ms|>- Opening JDBC Connection
 <org.apache.ibatis.transaction.jdbc.JdbcTransaction.openConnection(JdbcTransaction.java:137)> 
2017-11-11 17:22:28  DEBUG 556ms|>- Created connection 655634001.
 <org.apache.ibatis.datasource.pooled.PooledDataSource.popConnection(PooledDataSource.java:406)> 
2017-11-11 17:22:28  DEBUG 556ms|>- Setting autocommit to false on JDBC Connection [com.mysql.jdbc.JDBC4Connection@27142e51]
 <org.apache.ibatis.transaction.jdbc.JdbcTransaction.setDesiredAutoCommit(JdbcTransaction.java:101)> 
2017-11-11 17:22:28  DEBUG 561ms|>- ==>  Preparing: select gid, gname, tid, price, descption, imgPath, filePath, stock from goods where gid = ? 
 <org.apache.ibatis.logging.jdbc.BaseJdbcLogger.debug(BaseJdbcLogger.java:159)> 
2017-11-11 17:22:28  DEBUG 578ms|>- ==> Parameters: 1(Integer)
 <org.apache.ibatis.logging.jdbc.BaseJdbcLogger.debug(BaseJdbcLogger.java:159)> 
2017-11-11 17:22:28  DEBUG 591ms|>- <==      Total: 1
 <org.apache.ibatis.logging.jdbc.BaseJdbcLogger.debug(BaseJdbcLogger.java:159)> 
2017-11-11 17:23:00  DEBUG 0ms|>- Logging initialized using 'class org.apache.ibatis.logging.slf4j.Slf4jImpl' adapter.
 <org.apache.ibatis.logging.LogFactory.setImplementation(LogFactory.java:135)> 
2017-11-11 17:23:00  DEBUG 104ms|>- PooledDataSource forcefully closed/removed all connections.
 <org.apache.ibatis.datasource.pooled.PooledDataSource.forceCloseAll(PooledDataSource.java:335)> 
2017-11-11 17:23:00  DEBUG 104ms|>- PooledDataSource forcefully closed/removed all connections.
 <org.apache.ibatis.datasource.pooled.PooledDataSource.forceCloseAll(PooledDataSource.java:335)> 
2017-11-11 17:23:00  DEBUG 104ms|>- PooledDataSource forcefully closed/removed all connections.
 <org.apache.ibatis.datasource.pooled.PooledDataSource.forceCloseAll(PooledDataSource.java:335)> 
2017-11-11 17:23:00  DEBUG 105ms|>- PooledDataSource forcefully closed/removed all connections.
 <org.apache.ibatis.datasource.pooled.PooledDataSource.forceCloseAll(PooledDataSource.java:335)> 
2017-11-11 17:23:00  DEBUG 276ms|>- Opening JDBC Connection
 <org.apache.ibatis.transaction.jdbc.JdbcTransaction.openConnection(JdbcTransaction.java:137)> 
2017-11-11 17:23:01  DEBUG 494ms|>- Created connection 1696062207.
 <org.apache.ibatis.datasource.pooled.PooledDataSource.popConnection(PooledDataSource.java:406)> 
2017-11-11 17:23:01  DEBUG 494ms|>- Setting autocommit to false on JDBC Connection [com.mysql.jdbc.JDBC4Connection@6517daff]
 <org.apache.ibatis.transaction.jdbc.JdbcTransaction.setDesiredAutoCommit(JdbcTransaction.java:101)> 
2017-11-11 17:23:01  DEBUG 498ms|>- ==>  Preparing: select gid, gname, tid, price, descption, imgPath, filePath, stock from goods where gid = ? 
 <org.apache.ibatis.logging.jdbc.BaseJdbcLogger.debug(BaseJdbcLogger.java:159)> 
2017-11-11 17:23:01  DEBUG 508ms|>- ==> Parameters: 1(Integer)
 <org.apache.ibatis.logging.jdbc.BaseJdbcLogger.debug(BaseJdbcLogger.java:159)> 
2017-11-11 17:23:01  DEBUG 517ms|>- <==      Total: 1
 <org.apache.ibatis.logging.jdbc.BaseJdbcLogger.debug(BaseJdbcLogger.java:159)> 
2017-11-11 17:24:43  DEBUG 0ms|>- Logging initialized using 'class org.apache.ibatis.logging.slf4j.Slf4jImpl' adapter.
 <org.apache.ibatis.logging.LogFactory.setImplementation(LogFactory.java:135)> 
2017-11-11 17:24:43  DEBUG 129ms|>- PooledDataSource forcefully closed/removed all connections.
 <org.apache.ibatis.datasource.pooled.PooledDataSource.forceCloseAll(PooledDataSource.java:335)> 
2017-11-11 17:24:43  DEBUG 129ms|>- PooledDataSource forcefully closed/removed all connections.
 <org.apache.ibatis.datasource.pooled.PooledDataSource.forceCloseAll(PooledDataSource.java:335)> 
2017-11-11 17:24:43  DEBUG 130ms|>- PooledDataSource forcefully closed/removed all connections.
 <org.apache.ibatis.datasource.pooled.PooledDataSource.forceCloseAll(PooledDataSource.java:335)> 
2017-11-11 17:24:43  DEBUG 130ms|>- PooledDataSource forcefully closed/removed all connections.
 <org.apache.ibatis.datasource.pooled.PooledDataSource.forceCloseAll(PooledDataSource.java:335)> 
2017-11-11 17:24:43  DEBUG 425ms|>- Opening JDBC Connection
 <org.apache.ibatis.transaction.jdbc.JdbcTransaction.openConnection(JdbcTransaction.java:137)> 
2017-11-11 17:24:43  DEBUG 660ms|>- Created connection 1938342689.
 <org.apache.ibatis.datasource.pooled.PooledDataSource.popConnection(PooledDataSource.java:406)> 
2017-11-11 17:24:43  DEBUG 660ms|>- Setting autocommit to false on JDBC Connection [com.mysql.jdbc.JDBC4Connection@7388c321]
 <org.apache.ibatis.transaction.jdbc.JdbcTransaction.setDesiredAutoCommit(JdbcTransaction.java:101)> 
2017-11-11 17:24:43  DEBUG 665ms|>- ==>  Preparing: select gid, gname, tid, price, descption, imgPath, filePath, stock from goods where gid = ? 
 <org.apache.ibatis.logging.jdbc.BaseJdbcLogger.debug(BaseJdbcLogger.java:159)> 
2017-11-11 17:24:43  DEBUG 678ms|>- ==> Parameters: 1(Integer)
 <org.apache.ibatis.logging.jdbc.BaseJdbcLogger.debug(BaseJdbcLogger.java:159)> 
2017-11-11 17:24:43  DEBUG 688ms|>- <==      Total: 1
 <org.apache.ibatis.logging.jdbc.BaseJdbcLogger.debug(BaseJdbcLogger.java:159)> 
2017-11-11 17:26:14  DEBUG 0ms|>- Logging initialized using 'class org.apache.ibatis.logging.slf4j.Slf4jImpl' adapter.
 <org.apache.ibatis.logging.LogFactory.setImplementation(LogFactory.java:135)> 
2017-11-11 17:26:14  DEBUG 152ms|>- PooledDataSource forcefully closed/removed all connections.
 <org.apache.ibatis.datasource.pooled.PooledDataSource.forceCloseAll(PooledDataSource.java:335)> 
2017-11-11 17:26:14  DEBUG 153ms|>- PooledDataSource forcefully closed/removed all connections.
 <org.apache.ibatis.datasource.pooled.PooledDataSource.forceCloseAll(PooledDataSource.java:335)> 
2017-11-11 17:26:14  DEBUG 153ms|>- PooledDataSource forcefully closed/removed all connections.
 <org.apache.ibatis.datasource.pooled.PooledDataSource.forceCloseAll(PooledDataSource.java:335)> 
2017-11-11 17:26:14  DEBUG 153ms|>- PooledDataSource forcefully closed/removed all connections.
 <org.apache.ibatis.datasource.pooled.PooledDataSource.forceCloseAll(PooledDataSource.java:335)> 
2017-11-11 17:26:15  DEBUG 399ms|>- Opening JDBC Connection
 <org.apache.ibatis.transaction.jdbc.JdbcTransaction.openConnection(JdbcTransaction.java:137)> 
2017-11-11 17:26:15  DEBUG 649ms|>- Created connection 983008937.
 <org.apache.ibatis.datasource.pooled.PooledDataSource.popConnection(PooledDataSource.java:406)> 
2017-11-11 17:26:15  DEBUG 650ms|>- Setting autocommit to false on JDBC Connection [com.mysql.jdbc.JDBC4Connection@3a9786a9]
 <org.apache.ibatis.transaction.jdbc.JdbcTransaction.setDesiredAutoCommit(JdbcTransaction.java:101)> 
2017-11-11 17:26:15  DEBUG 654ms|>- ==>  Preparing: select gid, gname, tid, price, descption, imgPath, filePath, stock from goods where gid = ? 
 <org.apache.ibatis.logging.jdbc.BaseJdbcLogger.debug(BaseJdbcLogger.java:159)> 
2017-11-11 17:26:15  DEBUG 668ms|>- ==> Parameters: 1(Integer)
 <org.apache.ibatis.logging.jdbc.BaseJdbcLogger.debug(BaseJdbcLogger.java:159)> 
2017-11-11 17:26:15  DEBUG 676ms|>- <==      Total: 1
 <org.apache.ibatis.logging.jdbc.BaseJdbcLogger.debug(BaseJdbcLogger.java:159)> 
2017-11-11 17:40:44  DEBUG 0ms|>- Logging initialized using 'class org.apache.ibatis.logging.slf4j.Slf4jImpl' adapter.
 <org.apache.ibatis.logging.LogFactory.setImplementation(LogFactory.java:135)> 
2017-11-11 17:40:44  DEBUG 111ms|>- PooledDataSource forcefully closed/removed all connections.
 <org.apache.ibatis.datasource.pooled.PooledDataSource.forceCloseAll(PooledDataSource.java:335)> 
2017-11-11 17:40:44  DEBUG 112ms|>- PooledDataSource forcefully closed/removed all connections.
 <org.apache.ibatis.datasource.pooled.PooledDataSource.forceCloseAll(PooledDataSource.java:335)> 
2017-11-11 17:40:44  DEBUG 112ms|>- PooledDataSource forcefully closed/removed all connections.
 <org.apache.ibatis.datasource.pooled.PooledDataSource.forceCloseAll(PooledDataSource.java:335)> 
2017-11-11 17:40:44  DEBUG 112ms|>- PooledDataSource forcefully closed/removed all connections.
 <org.apache.ibatis.datasource.pooled.PooledDataSource.forceCloseAll(PooledDataSource.java:335)> 
2017-11-11 17:40:44  DEBUG 295ms|>- Opening JDBC Connection
 <org.apache.ibatis.transaction.jdbc.JdbcTransaction.openConnection(JdbcTransaction.java:137)> 
2017-11-11 17:40:44  DEBUG 581ms|>- Created connection 460549149.
 <org.apache.ibatis.datasource.pooled.PooledDataSource.popConnection(PooledDataSource.java:406)> 
2017-11-11 17:40:44  DEBUG 582ms|>- Setting autocommit to false on JDBC Connection [com.mysql.jdbc.JDBC4Connection@1b736c1d]
 <org.apache.ibatis.transaction.jdbc.JdbcTransaction.setDesiredAutoCommit(JdbcTransaction.java:101)> 
2017-11-11 17:40:44  DEBUG 588ms|>- ==>  Preparing: select gid, gname, tid, price, descption, imgPath, filePath, stock from goods where gid = ? 
 <org.apache.ibatis.logging.jdbc.BaseJdbcLogger.debug(BaseJdbcLogger.java:159)> 
2017-11-11 17:40:44  DEBUG 601ms|>- ==> Parameters: 1(Integer)
 <org.apache.ibatis.logging.jdbc.BaseJdbcLogger.debug(BaseJdbcLogger.java:159)> 
2017-11-11 17:40:44  DEBUG 612ms|>- <==      Total: 1
 <org.apache.ibatis.logging.jdbc.BaseJdbcLogger.debug(BaseJdbcLogger.java:159)> 
2017-11-11 17:47:55  DEBUG 0ms|>- Logging initialized using 'class org.apache.ibatis.logging.slf4j.Slf4jImpl' adapter.
 <org.apache.ibatis.logging.LogFactory.setImplementation(LogFactory.java:135)> 
2017-11-11 17:47:56  DEBUG 104ms|>- PooledDataSource forcefully closed/removed all connections.
 <org.apache.ibatis.datasource.pooled.PooledDataSource.forceCloseAll(PooledDataSource.java:335)> 
2017-11-11 17:47:56  DEBUG 105ms|>- PooledDataSource forcefully closed/removed all connections.
 <org.apache.ibatis.datasource.pooled.PooledDataSource.forceCloseAll(PooledDataSource.java:335)> 
2017-11-11 17:47:56  DEBUG 106ms|>- PooledDataSource forcefully closed/removed all connections.
 <org.apache.ibatis.datasource.pooled.PooledDataSource.forceCloseAll(PooledDataSource.java:335)> 
2017-11-11 17:47:56  DEBUG 106ms|>- PooledDataSource forcefully closed/removed all connections.
 <org.apache.ibatis.datasource.pooled.PooledDataSource.forceCloseAll(PooledDataSource.java:335)> 
2017-11-11 17:47:56  DEBUG 281ms|>- Opening JDBC Connection
 <org.apache.ibatis.transaction.jdbc.JdbcTransaction.openConnection(JdbcTransaction.java:137)> 
2017-11-11 17:47:56  DEBUG 532ms|>- Created connection 182151009.
 <org.apache.ibatis.datasource.pooled.PooledDataSource.popConnection(PooledDataSource.java:406)> 
2017-11-11 17:47:56  DEBUG 533ms|>- Setting autocommit to false on JDBC Connection [com.mysql.jdbc.JDBC4Connection@adb6761]
 <org.apache.ibatis.transaction.jdbc.JdbcTransaction.setDesiredAutoCommit(JdbcTransaction.java:101)> 
2017-11-11 17:47:56  DEBUG 536ms|>- ==>  Preparing: select gid, gname, tid, price, descption, imgPath, filePath, stock from goods where gid = ? 
 <org.apache.ibatis.logging.jdbc.BaseJdbcLogger.debug(BaseJdbcLogger.java:159)> 
2017-11-11 17:47:56  DEBUG 546ms|>- ==> Parameters: 1(Integer)
 <org.apache.ibatis.logging.jdbc.BaseJdbcLogger.debug(BaseJdbcLogger.java:159)> 
2017-11-11 17:47:56  DEBUG 556ms|>- <==      Total: 1
 <org.apache.ibatis.logging.jdbc.BaseJdbcLogger.debug(BaseJdbcLogger.java:159)> 
2017-11-11 18:52:08  DEBUG 0ms|>- Logging initialized using 'class org.apache.ibatis.logging.slf4j.Slf4jImpl' adapter.
 <org.apache.ibatis.logging.LogFactory.setImplementation(LogFactory.java:135)> 
2017-11-11 18:52:09  DEBUG 194ms|>- PooledDataSource forcefully closed/removed all connections.
 <org.apache.ibatis.datasource.pooled.PooledDataSource.forceCloseAll(PooledDataSource.java:335)> 
2017-11-11 18:52:09  DEBUG 195ms|>- PooledDataSource forcefully closed/removed all connections.
 <org.apache.ibatis.datasource.pooled.PooledDataSource.forceCloseAll(PooledDataSource.java:335)> 
2017-11-11 18:52:09  DEBUG 196ms|>- PooledDataSource forcefully closed/removed all connections.
 <org.apache.ibatis.datasource.pooled.PooledDataSource.forceCloseAll(PooledDataSource.java:335)> 
2017-11-11 18:52:09  DEBUG 196ms|>- PooledDataSource forcefully closed/removed all connections.
 <org.apache.ibatis.datasource.pooled.PooledDataSource.forceCloseAll(PooledDataSource.java:335)> 
2017-11-11 18:52:09  DEBUG 738ms|>- Opening JDBC Connection
 <org.apache.ibatis.transaction.jdbc.JdbcTransaction.openConnection(JdbcTransaction.java:137)> 
2017-11-11 18:52:09  DEBUG 986ms|>- Created connection 942748741.
 <org.apache.ibatis.datasource.pooled.PooledDataSource.popConnection(PooledDataSource.java:406)> 
2017-11-11 18:52:09  DEBUG 988ms|>- Setting autocommit to false on JDBC Connection [com.mysql.jdbc.JDBC4Connection@38313445]
 <org.apache.ibatis.transaction.jdbc.JdbcTransaction.setDesiredAutoCommit(JdbcTransaction.java:101)> 
2017-11-11 18:52:09  DEBUG 993ms|>- ==>  Preparing: SELECT * FROM users WHERE uname = ? and upwd = ? 
 <org.apache.ibatis.logging.jdbc.BaseJdbcLogger.debug(BaseJdbcLogger.java:159)> 
2017-11-11 18:52:09  DEBUG 1034ms|>- ==> Parameters: xiaoming(String), 123(String)
 <org.apache.ibatis.logging.jdbc.BaseJdbcLogger.debug(BaseJdbcLogger.java:159)> 
2017-11-11 18:52:10  TRACE 1062ms|>- <==    Columns: uid, uname, upwd, phone, city, regDate, idCard, realName, age, email, sex, avatar
 <org.apache.ibatis.logging.jdbc.BaseJdbcLogger.trace(BaseJdbcLogger.java:165)> 
2017-11-11 18:52:10  TRACE 1068ms|>- <==        Row: 1, xiaoming, 123, 18899119292, 西安, 2017-11-11, null, 小明, 22, null, 男, <<BLOB>>
 <org.apache.ibatis.logging.jdbc.BaseJdbcLogger.trace(BaseJdbcLogger.java:165)> 
2017-11-11 18:52:10  DEBUG 1075ms|>- <==      Total: 1
 <org.apache.ibatis.logging.jdbc.BaseJdbcLogger.debug(BaseJdbcLogger.java:159)> 
2017-11-11 18:52:12  DEBUG 3763ms|>- PooledDataSource forcefully closed/removed all connections.
 <org.apache.ibatis.datasource.pooled.PooledDataSource.forceCloseAll(PooledDataSource.java:335)> 
2017-11-11 18:52:12  DEBUG 3766ms|>- PooledDataSource forcefully closed/removed all connections.
 <org.apache.ibatis.datasource.pooled.PooledDataSource.forceCloseAll(PooledDataSource.java:335)> 
2017-11-11 18:52:12  DEBUG 3767ms|>- PooledDataSource forcefully closed/removed all connections.
 <org.apache.ibatis.datasource.pooled.PooledDataSource.forceCloseAll(PooledDataSource.java:335)> 
2017-11-11 18:52:12  DEBUG 3769ms|>- PooledDataSource forcefully closed/removed all connections.
 <org.apache.ibatis.datasource.pooled.PooledDataSource.forceCloseAll(PooledDataSource.java:335)> 
2017-11-11 18:52:12  DEBUG 3918ms|>- Opening JDBC Connection
 <org.apache.ibatis.transaction.jdbc.JdbcTransaction.openConnection(JdbcTransaction.java:137)> 
2017-11-11 18:52:12  DEBUG 3933ms|>- Created connection 805367958.
 <org.apache.ibatis.datasource.pooled.PooledDataSource.popConnection(PooledDataSource.java:406)> 
2017-11-11 18:52:12  DEBUG 3934ms|>- Setting autocommit to false on JDBC Connection [com.mysql.jdbc.JDBC4Connection@3000f096]
 <org.apache.ibatis.transaction.jdbc.JdbcTransaction.setDesiredAutoCommit(JdbcTransaction.java:101)> 
2017-11-11 18:52:12  DEBUG 3935ms|>- ==>  Preparing: select gid, gname, tid, price, descption, imgPath, filePath, stock from goods where gid = ? 
 <org.apache.ibatis.logging.jdbc.BaseJdbcLogger.debug(BaseJdbcLogger.java:159)> 
2017-11-11 18:52:12  DEBUG 3935ms|>- ==> Parameters: 2(Integer)
 <org.apache.ibatis.logging.jdbc.BaseJdbcLogger.debug(BaseJdbcLogger.java:159)> 
2017-11-11 18:52:12  DEBUG 3938ms|>- <==      Total: 1
 <org.apache.ibatis.logging.jdbc.BaseJdbcLogger.debug(BaseJdbcLogger.java:159)> 
