2017-11-10 14:54:07,066 INFO [com.tests.log4jExample] - 2017111014540766
2017-11-10 14:54:07,075 INFO [com.tests.log4jExample] - 接收：getAvatar
保存为：---->getAvatar_date_2017111014540775.jpg
2017-11-10 14:54:44,761 DEBUG [org.apache.ibatis.logging.LogFactory] - Logging initialized using 'class org.apache.ibatis.logging.slf4j.Slf4jImpl' adapter.
2017-11-10 14:54:44,877 DEBUG [org.apache.ibatis.datasource.pooled.PooledDataSource] - PooledDataSource forcefully closed/removed all connections.
2017-11-10 14:54:44,877 DEBUG [org.apache.ibatis.datasource.pooled.PooledDataSource] - PooledDataSource forcefully closed/removed all connections.
2017-11-10 14:54:44,877 DEBUG [org.apache.ibatis.datasource.pooled.PooledDataSource] - PooledDataSource forcefully closed/removed all connections.
2017-11-10 14:54:44,877 DEBUG [org.apache.ibatis.datasource.pooled.PooledDataSource] - PooledDataSource forcefully closed/removed all connections.
2017-11-10 14:54:45,077 DEBUG [org.apache.ibatis.transaction.jdbc.JdbcTransaction] - Opening JDBC Connection
2017-11-10 14:54:45,278 DEBUG [org.apache.ibatis.datasource.pooled.PooledDataSource] - Created connection 500663500.
2017-11-10 14:54:45,278 DEBUG [org.apache.ibatis.transaction.jdbc.JdbcTransaction] - Setting autocommit to false on JDBC Connection [com.mysql.jdbc.JDBC4Connection@1dd784cc]
2017-11-10 14:54:45,278 DEBUG [com.mod.mapper.UsersMapper.insert] - ==>  Preparing: insert into users (uid, uname, upwd, phone, city, regDate, idCard, realName, age, email, sex, avatar ) values (?, ?, ?, ?, ?, ?, ?, ?, ?, ?, ?, ? ) 
2017-11-10 14:54:45,293 DEBUG [com.mod.mapper.UsersMapper.insert] - ==> Parameters: null, xiaoli(String), 123(String), 134341234(Long), 西安(String), 2017-11-10(Date), 1231231231231231x(String), null, 22(Integer), null, 男(String), java.io.StringReader@10be2b29(StringReader)
2017-11-10 14:54:45,293 WARN [com.tests.log4jExample] - 
### Error updating database.  Cause: com.mysql.jdbc.MysqlDataTruncation: Data truncation: Data too long for column 'idCard' at row 1
### The error may involve com.mod.mapper.UsersMapper.insert-Inline
### The error occurred while setting parameters
### SQL: insert into users (uid, uname, upwd,        phone, city, regDate,        idCard, realName, age,        email, sex, avatar       )     values (?, ?, ?,        ?, ?, ?,        ?, ?, ?,        ?, ?, ?       )
### Cause: com.mysql.jdbc.MysqlDataTruncation: Data truncation: Data too long for column 'idCard' at row 1
2017-11-10 14:55:37,079 INFO [com.tests.log4jExample] - 2017111014553779
2017-11-10 14:55:37,092 INFO [com.tests.log4jExample] - 接收：getAvatar
保存为：---->getAvatar_date_2017111014553791.jpg
2017-11-10 14:55:42,593 DEBUG [com.mod.mapper.UsersMapper.insert] - ==>  Preparing: insert into users (uid, uname, upwd, phone, city, regDate, idCard, realName, age, email, sex, avatar ) values (?, ?, ?, ?, ?, ?, ?, ?, ?, ?, ?, ? ) 
2017-11-10 14:55:42,593 DEBUG [com.mod.mapper.UsersMapper.insert] - ==> Parameters: null, xiaoli(String), 123(String), 12312312(Long), 西安(String), 2017-11-10(Date), 12312312(String), null, 22(Integer), null, 男(String), java.io.StringReader@5f5593ff(StringReader)
2017-11-10 14:55:42,593 DEBUG [com.mod.mapper.UsersMapper.insert] - <==    Updates: 1
2017-11-10 14:58:28,632 INFO [com.tests.log4jExample] - 20171110145828632
2017-11-10 14:58:28,647 INFO [com.tests.log4jExample] - 接收：T1tzyoXnd3XXb1upjX
保存为：---->T1tzyoXnd3XXb1upjX_date_20171110145828646.jpg
2017-11-10 14:58:31,650 DEBUG [org.apache.ibatis.logging.LogFactory] - Logging initialized using 'class org.apache.ibatis.logging.slf4j.Slf4jImpl' adapter.
2017-11-10 14:58:31,734 DEBUG [org.apache.ibatis.datasource.pooled.PooledDataSource] - PooledDataSource forcefully closed/removed all connections.
2017-11-10 14:58:31,734 DEBUG [org.apache.ibatis.datasource.pooled.PooledDataSource] - PooledDataSource forcefully closed/removed all connections.
2017-11-10 14:58:31,734 DEBUG [org.apache.ibatis.datasource.pooled.PooledDataSource] - PooledDataSource forcefully closed/removed all connections.
2017-11-10 14:58:31,734 DEBUG [org.apache.ibatis.datasource.pooled.PooledDataSource] - PooledDataSource forcefully closed/removed all connections.
2017-11-10 14:58:31,966 DEBUG [org.apache.ibatis.transaction.jdbc.JdbcTransaction] - Opening JDBC Connection
2017-11-10 14:58:32,189 DEBUG [org.apache.ibatis.datasource.pooled.PooledDataSource] - Created connection 1710266000.
2017-11-10 14:58:32,189 DEBUG [org.apache.ibatis.transaction.jdbc.JdbcTransaction] - Setting autocommit to false on JDBC Connection [com.mysql.jdbc.JDBC4Connection@65f09690]
2017-11-10 14:58:32,189 DEBUG [com.mod.mapper.UsersMapper.insert] - ==>  Preparing: insert into users (uid, uname, upwd, phone, city, regDate, idCard, realName, age, email, sex, avatar ) values (?, ?, ?, ?, ?, ?, ?, ?, ?, ?, ?, ? ) 
2017-11-10 14:58:32,189 DEBUG [com.mod.mapper.UsersMapper.insert] - ==> Parameters: null, xiaohong(String), 123(String), 124124(Long), 咸阳(String), 2017-11-10(Date), 12412421xx(String), null, 22(Integer), null, 女(String), java.io.StringReader@60268d93(StringReader)
2017-11-10 14:58:32,204 DEBUG [com.mod.mapper.UsersMapper.insert] - <==    Updates: 1
2017-11-10 15:04:59,462 DEBUG [com.mod.mapper.UsersMapper.insert] - ==>  Preparing: insert into users (uid, uname, upwd, phone, city, regDate, idCard, realName, age, email, sex, avatar ) values (?, ?, ?, ?, ?, ?, ?, ?, ?, ?, ?, ? ) 
2017-11-10 15:04:59,463 DEBUG [com.mod.mapper.UsersMapper.insert] - ==> Parameters: null, (String), (String), null, (String), 2017-11-10(Date), (String), null, null, null, 男(String), java.io.StringReader@34371cbc(StringReader)
2017-11-10 15:04:59,463 WARN [com.tests.log4jExample] - 
### Error updating database.  Cause: com.mysql.jdbc.exceptions.jdbc4.MySQLIntegrityConstraintViolationException: Duplicate entry '' for key 'uk_users_uname'
### The error may involve com.mod.mapper.UsersMapper.insert-Inline
### The error occurred while setting parameters
### SQL: insert into users (uid, uname, upwd,        phone, city, regDate,        idCard, realName, age,        email, sex, avatar       )     values (?, ?, ?,        ?, ?, ?,        ?, ?, ?,        ?, ?, ?       )
### Cause: com.mysql.jdbc.exceptions.jdbc4.MySQLIntegrityConstraintViolationException: Duplicate entry '' for key 'uk_users_uname'
2017-11-10 15:08:59,933 DEBUG [com.mod.mapper.UsersMapper.insert] - ==>  Preparing: insert into users (uid, uname, upwd, phone, city, regDate, idCard, realName, age, email, sex, avatar ) values (?, ?, ?, ?, ?, ?, ?, ?, ?, ?, ?, ? ) 
2017-11-10 15:08:59,933 DEBUG [com.mod.mapper.UsersMapper.insert] - ==> Parameters: null, qwe(String), 123(String), null, (String), 2017-11-10(Date), (String), null, null, null, 男(String), java.io.StringReader@7ac033d6(StringReader)
2017-11-10 15:08:59,933 DEBUG [com.mod.mapper.UsersMapper.insert] - <==    Updates: 1
2017-11-10 15:13:04,863 INFO [com.tests.log4jExample] - 20171110151304863
2017-11-10 15:13:04,866 INFO [com.tests.log4jExample] - 接收：TB1HC6wNFXXXXaCXXXXwu0bFXXX
保存为：---->TB1HC6wNFXXXXaCXXXXwu0bFXXX_date_20171110151304864.png
2017-11-10 15:13:21,947 DEBUG [com.mod.mapper.UsersMapper.insert] - ==>  Preparing: insert into users (uid, uname, upwd, phone, city, regDate, idCard, realName, age, email, sex, avatar ) values (?, ?, ?, ?, ?, ?, ?, ?, ?, ?, ?, ? ) 
2017-11-10 15:13:21,947 DEBUG [com.mod.mapper.UsersMapper.insert] - ==> Parameters: null, qwe(String), 123(String), 123123(Long), asdas(String), 2017-11-10(Date), 123123123(String), asdasd(String), 22(Integer), null, 男(String), java.io.StringReader@2342f4ff(StringReader)
2017-11-10 15:13:21,947 DEBUG [com.mod.mapper.UsersMapper.insert] - <==    Updates: 1
2017-11-10 15:16:45,936 DEBUG [com.mod.mapper.UsersMapper.getUser] - ==>  Preparing: SELECT * FROM users WHERE uname = ? and upwd = ? 
2017-11-10 15:16:45,937 DEBUG [com.mod.mapper.UsersMapper.getUser] - ==> Parameters: xiaoming(String), 123(String)
2017-11-10 15:16:45,938 TRACE [com.mod.mapper.UsersMapper.getUser] - <==    Columns: uid, uname, upwd, phone, city, regDate, idCard, realName, age, email, sex, avatar
2017-11-10 15:16:45,954 TRACE [com.mod.mapper.UsersMapper.getUser] - <==        Row: 1, xiaoming, 123, 18899119292, 西安, 2017-11-11, null, 小明, 22, null, 男, <<BLOB>>
2017-11-10 15:16:45,954 DEBUG [com.mod.mapper.UsersMapper.getUser] - <==      Total: 1
2017-11-10 15:20:18,939 DEBUG [org.apache.ibatis.logging.LogFactory] - Logging initialized using 'class org.apache.ibatis.logging.slf4j.Slf4jImpl' adapter.
2017-11-10 15:20:19,036 DEBUG [org.apache.ibatis.datasource.pooled.PooledDataSource] - PooledDataSource forcefully closed/removed all connections.
2017-11-10 15:20:19,036 DEBUG [org.apache.ibatis.datasource.pooled.PooledDataSource] - PooledDataSource forcefully closed/removed all connections.
2017-11-10 15:20:19,036 DEBUG [org.apache.ibatis.datasource.pooled.PooledDataSource] - PooledDataSource forcefully closed/removed all connections.
2017-11-10 15:20:19,036 DEBUG [org.apache.ibatis.datasource.pooled.PooledDataSource] - PooledDataSource forcefully closed/removed all connections.
2017-11-10 15:20:19,232 DEBUG [org.apache.ibatis.transaction.jdbc.JdbcTransaction] - Opening JDBC Connection
2017-11-10 15:20:19,456 DEBUG [org.apache.ibatis.datasource.pooled.PooledDataSource] - Created connection 2074500730.
2017-11-10 15:20:19,456 DEBUG [org.apache.ibatis.transaction.jdbc.JdbcTransaction] - Setting autocommit to false on JDBC Connection [com.mysql.jdbc.JDBC4Connection@7ba65e7a]
2017-11-10 15:20:19,456 DEBUG [com.mod.mapper.UsersMapper.getUser] - ==>  Preparing: SELECT * FROM users WHERE uname = ? and upwd = ? 
2017-11-10 15:20:19,456 DEBUG [com.mod.mapper.UsersMapper.getUser] - ==> Parameters: xiaoming(String), 123(String)
2017-11-10 15:20:19,472 TRACE [com.mod.mapper.UsersMapper.getUser] - <==    Columns: uid, uname, upwd, phone, city, regDate, idCard, realName, age, email, sex, avatar
2017-11-10 15:20:19,472 TRACE [com.mod.mapper.UsersMapper.getUser] - <==        Row: 1, xiaoming, 123, 18899119292, 西安, 2017-11-11, null, 小明, 22, null, 男, <<BLOB>>
2017-11-10 15:20:19,472 DEBUG [com.mod.mapper.UsersMapper.getUser] - <==      Total: 1
2017-11-10 15:45:52,790 DEBUG [org.apache.ibatis.logging.LogFactory] - Logging initialized using 'class org.apache.ibatis.logging.slf4j.Slf4jImpl' adapter.
2017-11-10 15:45:52,938 DEBUG [org.apache.ibatis.datasource.pooled.PooledDataSource] - PooledDataSource forcefully closed/removed all connections.
2017-11-10 15:45:52,938 DEBUG [org.apache.ibatis.datasource.pooled.PooledDataSource] - PooledDataSource forcefully closed/removed all connections.
2017-11-10 15:45:52,938 DEBUG [org.apache.ibatis.datasource.pooled.PooledDataSource] - PooledDataSource forcefully closed/removed all connections.
2017-11-10 15:45:52,938 DEBUG [org.apache.ibatis.datasource.pooled.PooledDataSource] - PooledDataSource forcefully closed/removed all connections.
2017-11-10 15:45:53,270 DEBUG [org.apache.ibatis.transaction.jdbc.JdbcTransaction] - Opening JDBC Connection
2017-11-10 15:45:53,508 DEBUG [org.apache.ibatis.datasource.pooled.PooledDataSource] - Created connection 1134919781.
2017-11-10 15:45:53,508 DEBUG [org.apache.ibatis.transaction.jdbc.JdbcTransaction] - Setting autocommit to false on JDBC Connection [com.mysql.jdbc.JDBC4Connection@43a58065]
2017-11-10 15:45:53,508 DEBUG [com.mod.mapper.UsersMapper.insert] - ==>  Preparing: insert into users (uid, uname, upwd, phone, city, regDate, idCard, realName, age, email, sex, avatar ) values (?, ?, ?, ?, ?, ?, ?, ?, ?, ?, ?, ? ) 
2017-11-10 15:45:53,539 DEBUG [com.mod.mapper.UsersMapper.insert] - ==> Parameters: null, 123(String), 123(String), null, (String), 2017-11-10(Date), (String), (String), null, (String), 男(String), java.io.StringReader@339d3168(StringReader)
2017-11-10 15:45:53,539 DEBUG [com.mod.mapper.UsersMapper.insert] - <==    Updates: 1
2017-11-10 19:36:27,705 DEBUG [org.apache.ibatis.logging.LogFactory] - Logging initialized using 'class org.apache.ibatis.logging.slf4j.Slf4jImpl' adapter.
2017-11-10 19:36:28,243 DEBUG [org.apache.ibatis.datasource.pooled.PooledDataSource] - PooledDataSource forcefully closed/removed all connections.
2017-11-10 19:36:28,243 DEBUG [org.apache.ibatis.datasource.pooled.PooledDataSource] - PooledDataSource forcefully closed/removed all connections.
2017-11-10 19:36:28,243 DEBUG [org.apache.ibatis.datasource.pooled.PooledDataSource] - PooledDataSource forcefully closed/removed all connections.
2017-11-10 19:36:28,244 DEBUG [org.apache.ibatis.datasource.pooled.PooledDataSource] - PooledDataSource forcefully closed/removed all connections.
2017-11-10 19:36:28,822 DEBUG [org.apache.ibatis.transaction.jdbc.JdbcTransaction] - Opening JDBC Connection
2017-11-10 19:36:29,724 DEBUG [org.apache.ibatis.datasource.pooled.PooledDataSource] - Created connection 618494615.
2017-11-10 19:36:29,724 DEBUG [org.apache.ibatis.transaction.jdbc.JdbcTransaction] - Setting autocommit to false on JDBC Connection [com.mysql.jdbc.JDBC4Connection@24dd7a97]
2017-11-10 19:36:29,740 DEBUG [com.mod.mapper.UsersMapper.getUser] - ==>  Preparing: SELECT * FROM users WHERE uname = ? and upwd = ? 
2017-11-10 19:36:29,793 DEBUG [com.mod.mapper.UsersMapper.getUser] - ==> Parameters: xiaoming(String), 123(String)
2017-11-10 19:36:29,862 TRACE [com.mod.mapper.UsersMapper.getUser] - <==    Columns: uid, uname, upwd, phone, city, regDate, idCard, realName, age, email, sex, avatar
2017-11-10 19:36:29,877 TRACE [com.mod.mapper.UsersMapper.getUser] - <==        Row: 1, xiaoming, 123, 18899119292, 西安, 2017-11-11, null, 小明, 22, null, 男, <<BLOB>>
2017-11-10 19:36:29,892 DEBUG [com.mod.mapper.UsersMapper.getUser] - <==      Total: 1
2017-11-10 19:40:22,363 DEBUG [org.apache.ibatis.logging.LogFactory] - Logging initialized using 'class org.apache.ibatis.logging.slf4j.Slf4jImpl' adapter.
2017-11-10 19:40:22,485 DEBUG [org.apache.ibatis.datasource.pooled.PooledDataSource] - PooledDataSource forcefully closed/removed all connections.
2017-11-10 19:40:22,485 DEBUG [org.apache.ibatis.datasource.pooled.PooledDataSource] - PooledDataSource forcefully closed/removed all connections.
2017-11-10 19:40:22,485 DEBUG [org.apache.ibatis.datasource.pooled.PooledDataSource] - PooledDataSource forcefully closed/removed all connections.
2017-11-10 19:40:22,485 DEBUG [org.apache.ibatis.datasource.pooled.PooledDataSource] - PooledDataSource forcefully closed/removed all connections.
2017-11-10 19:40:22,748 DEBUG [org.apache.ibatis.transaction.jdbc.JdbcTransaction] - Opening JDBC Connection
2017-11-10 19:40:22,986 DEBUG [org.apache.ibatis.datasource.pooled.PooledDataSource] - Created connection 1395911629.
2017-11-10 19:40:22,986 DEBUG [org.apache.ibatis.transaction.jdbc.JdbcTransaction] - Setting autocommit to false on JDBC Connection [com.mysql.jdbc.JDBC4Connection@5333ebcd]
2017-11-10 19:40:22,986 DEBUG [com.mod.mapper.UsersMapper.getUser] - ==>  Preparing: SELECT * FROM users WHERE uname = ? and upwd = ? 
2017-11-10 19:40:23,017 DEBUG [com.mod.mapper.UsersMapper.getUser] - ==> Parameters: xiaoming(String), 123(String)
2017-11-10 19:40:23,048 TRACE [com.mod.mapper.UsersMapper.getUser] - <==    Columns: uid, uname, upwd, phone, city, regDate, idCard, realName, age, email, sex, avatar
2017-11-10 19:40:23,048 TRACE [com.mod.mapper.UsersMapper.getUser] - <==        Row: 1, xiaoming, 123, 18899119292, 西安, 2017-11-11, null, 小明, 22, null, 男, <<BLOB>>
2017-11-10 19:40:23,064 DEBUG [com.mod.mapper.UsersMapper.getUser] - <==      Total: 1
2017-11-10 22:39:55,427 DEBUG [org.apache.ibatis.logging.LogFactory] - Logging initialized using 'class org.apache.ibatis.logging.slf4j.Slf4jImpl' adapter.
2017-11-10 22:39:55,556 DEBUG [org.apache.ibatis.datasource.pooled.PooledDataSource] - PooledDataSource forcefully closed/removed all connections.
2017-11-10 22:39:55,556 DEBUG [org.apache.ibatis.datasource.pooled.PooledDataSource] - PooledDataSource forcefully closed/removed all connections.
2017-11-10 22:39:55,556 DEBUG [org.apache.ibatis.datasource.pooled.PooledDataSource] - PooledDataSource forcefully closed/removed all connections.
2017-11-10 22:39:55,556 DEBUG [org.apache.ibatis.datasource.pooled.PooledDataSource] - PooledDataSource forcefully closed/removed all connections.
2017-11-10 22:39:55,826 DEBUG [org.apache.ibatis.transaction.jdbc.JdbcTransaction] - Opening JDBC Connection
2017-11-10 22:39:56,089 DEBUG [org.apache.ibatis.datasource.pooled.PooledDataSource] - Created connection 1728790703.
2017-11-10 22:39:56,089 DEBUG [org.apache.ibatis.transaction.jdbc.JdbcTransaction] - Setting autocommit to false on JDBC Connection [com.mysql.jdbc.JDBC4Connection@670b40af]
2017-11-10 22:39:56,089 DEBUG [com.mod.mapper.OrderFormMapper.getOrderList] - ==>  Preparing: select * from view_order_goods where oid = ? and uid = ?; 
2017-11-10 22:39:56,126 DEBUG [com.mod.mapper.OrderFormMapper.getOrderList] - ==> Parameters: 20171109223512(Long), 1(Integer)
2017-11-10 22:39:56,189 DEBUG [com.mod.mapper.OrderFormMapper.getOrderList] - <==      Total: 0
2017-11-10 22:40:43,774 DEBUG [org.apache.ibatis.logging.LogFactory] - Logging initialized using 'class org.apache.ibatis.logging.slf4j.Slf4jImpl' adapter.
2017-11-10 22:40:43,906 DEBUG [org.apache.ibatis.datasource.pooled.PooledDataSource] - PooledDataSource forcefully closed/removed all connections.
2017-11-10 22:40:43,906 DEBUG [org.apache.ibatis.datasource.pooled.PooledDataSource] - PooledDataSource forcefully closed/removed all connections.
2017-11-10 22:40:43,906 DEBUG [org.apache.ibatis.datasource.pooled.PooledDataSource] - PooledDataSource forcefully closed/removed all connections.
2017-11-10 22:40:43,906 DEBUG [org.apache.ibatis.datasource.pooled.PooledDataSource] - PooledDataSource forcefully closed/removed all connections.
2017-11-10 22:40:44,175 DEBUG [org.apache.ibatis.transaction.jdbc.JdbcTransaction] - Opening JDBC Connection
2017-11-10 22:40:44,423 DEBUG [org.apache.ibatis.datasource.pooled.PooledDataSource] - Created connection 1728790703.
2017-11-10 22:40:44,423 DEBUG [org.apache.ibatis.transaction.jdbc.JdbcTransaction] - Setting autocommit to false on JDBC Connection [com.mysql.jdbc.JDBC4Connection@670b40af]
2017-11-10 22:40:44,438 DEBUG [com.mod.mapper.OrderFormMapper.getOrderList] - ==>  Preparing: select * from view_order_goods where oid = ? and uid = ?; 
2017-11-10 22:40:44,460 DEBUG [com.mod.mapper.OrderFormMapper.getOrderList] - ==> Parameters: 20171109223512(Long), 1(Integer)
2017-11-10 22:40:44,507 DEBUG [com.mod.mapper.OrderFormMapper.getOrderList] - <==      Total: 0
2017-11-10 22:41:31,943 DEBUG [org.apache.ibatis.logging.LogFactory] - Logging initialized using 'class org.apache.ibatis.logging.slf4j.Slf4jImpl' adapter.
2017-11-10 22:41:32,075 DEBUG [org.apache.ibatis.datasource.pooled.PooledDataSource] - PooledDataSource forcefully closed/removed all connections.
2017-11-10 22:41:32,075 DEBUG [org.apache.ibatis.datasource.pooled.PooledDataSource] - PooledDataSource forcefully closed/removed all connections.
2017-11-10 22:41:32,075 DEBUG [org.apache.ibatis.datasource.pooled.PooledDataSource] - PooledDataSource forcefully closed/removed all connections.
2017-11-10 22:41:32,075 DEBUG [org.apache.ibatis.datasource.pooled.PooledDataSource] - PooledDataSource forcefully closed/removed all connections.
2017-11-10 22:41:32,344 DEBUG [org.apache.ibatis.transaction.jdbc.JdbcTransaction] - Opening JDBC Connection
2017-11-10 22:41:32,676 DEBUG [org.apache.ibatis.datasource.pooled.PooledDataSource] - Created connection 1728790703.
2017-11-10 22:41:32,676 DEBUG [org.apache.ibatis.transaction.jdbc.JdbcTransaction] - Setting autocommit to false on JDBC Connection [com.mysql.jdbc.JDBC4Connection@670b40af]
2017-11-10 22:41:32,688 DEBUG [com.mod.mapper.OrderFormMapper.getOrderList] - ==>  Preparing: select * from view_order_goods where oid = ? and uid = ?; 
2017-11-10 22:41:32,713 DEBUG [com.mod.mapper.OrderFormMapper.getOrderList] - ==> Parameters: 20171109223512(Long), 1(Integer)
2017-11-10 22:41:32,760 DEBUG [com.mod.mapper.OrderFormMapper.getOrderList] - <==      Total: 0
2017-11-10 22:42:10,096 DEBUG [org.apache.ibatis.logging.LogFactory] - Logging initialized using 'class org.apache.ibatis.logging.slf4j.Slf4jImpl' adapter.
2017-11-10 22:42:10,213 DEBUG [org.apache.ibatis.datasource.pooled.PooledDataSource] - PooledDataSource forcefully closed/removed all connections.
2017-11-10 22:42:10,213 DEBUG [org.apache.ibatis.datasource.pooled.PooledDataSource] - PooledDataSource forcefully closed/removed all connections.
2017-11-10 22:42:10,213 DEBUG [org.apache.ibatis.datasource.pooled.PooledDataSource] - PooledDataSource forcefully closed/removed all connections.
2017-11-10 22:42:10,213 DEBUG [org.apache.ibatis.datasource.pooled.PooledDataSource] - PooledDataSource forcefully closed/removed all connections.
2017-11-10 22:42:10,466 DEBUG [org.apache.ibatis.transaction.jdbc.JdbcTransaction] - Opening JDBC Connection
2017-11-10 22:42:10,697 DEBUG [org.apache.ibatis.datasource.pooled.PooledDataSource] - Created connection 1728790703.
2017-11-10 22:42:10,697 DEBUG [org.apache.ibatis.transaction.jdbc.JdbcTransaction] - Setting autocommit to false on JDBC Connection [com.mysql.jdbc.JDBC4Connection@670b40af]
2017-11-10 22:42:10,713 DEBUG [com.mod.mapper.OrderFormMapper.getOrderList] - ==>  Preparing: select * from view_order_goods where oid = ? and uid = ?; 
2017-11-10 22:42:10,744 DEBUG [com.mod.mapper.OrderFormMapper.getOrderList] - ==> Parameters: 20171110164436(Long), 1(Integer)
2017-11-10 22:42:10,829 DEBUG [com.mod.mapper.OrderFormMapper.getOrderList] - <==      Total: 2
2017-11-10 22:42:24,714 DEBUG [org.apache.ibatis.logging.LogFactory] - Logging initialized using 'class org.apache.ibatis.logging.slf4j.Slf4jImpl' adapter.
2017-11-10 22:42:24,836 DEBUG [org.apache.ibatis.datasource.pooled.PooledDataSource] - PooledDataSource forcefully closed/removed all connections.
2017-11-10 22:42:24,836 DEBUG [org.apache.ibatis.datasource.pooled.PooledDataSource] - PooledDataSource forcefully closed/removed all connections.
2017-11-10 22:42:24,836 DEBUG [org.apache.ibatis.datasource.pooled.PooledDataSource] - PooledDataSource forcefully closed/removed all connections.
2017-11-10 22:42:24,836 DEBUG [org.apache.ibatis.datasource.pooled.PooledDataSource] - PooledDataSource forcefully closed/removed all connections.
2017-11-10 22:42:25,084 DEBUG [org.apache.ibatis.transaction.jdbc.JdbcTransaction] - Opening JDBC Connection
2017-11-10 22:42:25,300 DEBUG [org.apache.ibatis.datasource.pooled.PooledDataSource] - Created connection 1728790703.
2017-11-10 22:42:25,300 DEBUG [org.apache.ibatis.transaction.jdbc.JdbcTransaction] - Setting autocommit to false on JDBC Connection [com.mysql.jdbc.JDBC4Connection@670b40af]
2017-11-10 22:42:25,300 DEBUG [com.mod.mapper.OrderFormMapper.getOrderList] - ==>  Preparing: select * from view_order_goods where oid = ? and uid = ?; 
2017-11-10 22:42:25,338 DEBUG [com.mod.mapper.OrderFormMapper.getOrderList] - ==> Parameters: 20171110164436(Long), 1(Integer)
2017-11-10 22:42:25,369 DEBUG [com.mod.mapper.OrderFormMapper.getOrderList] - <==      Total: 2
2017-11-10 22:46:10,822 DEBUG [org.apache.ibatis.logging.LogFactory] - Logging initialized using 'class org.apache.ibatis.logging.slf4j.Slf4jImpl' adapter.
2017-11-10 22:46:10,944 DEBUG [org.apache.ibatis.datasource.pooled.PooledDataSource] - PooledDataSource forcefully closed/removed all connections.
2017-11-10 22:46:10,944 DEBUG [org.apache.ibatis.datasource.pooled.PooledDataSource] - PooledDataSource forcefully closed/removed all connections.
2017-11-10 22:46:10,944 DEBUG [org.apache.ibatis.datasource.pooled.PooledDataSource] - PooledDataSource forcefully closed/removed all connections.
2017-11-10 22:46:10,960 DEBUG [org.apache.ibatis.datasource.pooled.PooledDataSource] - PooledDataSource forcefully closed/removed all connections.
2017-11-10 22:46:11,250 DEBUG [org.apache.ibatis.transaction.jdbc.JdbcTransaction] - Opening JDBC Connection
2017-11-10 22:46:11,496 DEBUG [org.apache.ibatis.datasource.pooled.PooledDataSource] - Created connection 99451533.
2017-11-10 22:46:11,498 DEBUG [org.apache.ibatis.transaction.jdbc.JdbcTransaction] - Setting autocommit to false on JDBC Connection [com.mysql.jdbc.JDBC4Connection@5ed828d]
2017-11-10 22:46:11,500 DEBUG [com.mod.mapper.OrderFormMapper.getOrderList] - ==>  Preparing: select * from view_order_goods where oid = ? and uid = ?; 
2017-11-10 22:46:11,531 DEBUG [com.mod.mapper.OrderFormMapper.getOrderList] - ==> Parameters: 20171110164436(Long), 1(Integer)
2017-11-10 22:46:11,565 DEBUG [com.mod.mapper.OrderFormMapper.getOrderList] - <==      Total: 2
2017-11-10 22:50:09,435 DEBUG [org.apache.ibatis.logging.LogFactory] - Logging initialized using 'class org.apache.ibatis.logging.slf4j.Slf4jImpl' adapter.
2017-11-10 22:50:09,536 DEBUG [org.apache.ibatis.datasource.pooled.PooledDataSource] - PooledDataSource forcefully closed/removed all connections.
2017-11-10 22:50:09,536 DEBUG [org.apache.ibatis.datasource.pooled.PooledDataSource] - PooledDataSource forcefully closed/removed all connections.
2017-11-10 22:50:09,536 DEBUG [org.apache.ibatis.datasource.pooled.PooledDataSource] - PooledDataSource forcefully closed/removed all connections.
2017-11-10 22:50:09,536 DEBUG [org.apache.ibatis.datasource.pooled.PooledDataSource] - PooledDataSource forcefully closed/removed all connections.
2017-11-10 22:50:59,346 DEBUG [org.apache.ibatis.logging.LogFactory] - Logging initialized using 'class org.apache.ibatis.logging.slf4j.Slf4jImpl' adapter.
2017-11-10 22:50:59,478 DEBUG [org.apache.ibatis.datasource.pooled.PooledDataSource] - PooledDataSource forcefully closed/removed all connections.
2017-11-10 22:50:59,478 DEBUG [org.apache.ibatis.datasource.pooled.PooledDataSource] - PooledDataSource forcefully closed/removed all connections.
2017-11-10 22:50:59,478 DEBUG [org.apache.ibatis.datasource.pooled.PooledDataSource] - PooledDataSource forcefully closed/removed all connections.
2017-11-10 22:50:59,478 DEBUG [org.apache.ibatis.datasource.pooled.PooledDataSource] - PooledDataSource forcefully closed/removed all connections.
2017-11-10 22:50:59,709 DEBUG [org.apache.ibatis.transaction.jdbc.JdbcTransaction] - Opening JDBC Connection
2017-11-10 22:50:59,946 DEBUG [org.apache.ibatis.datasource.pooled.PooledDataSource] - Created connection 99451533.
2017-11-10 22:50:59,947 DEBUG [org.apache.ibatis.transaction.jdbc.JdbcTransaction] - Setting autocommit to false on JDBC Connection [com.mysql.jdbc.JDBC4Connection@5ed828d]
2017-11-10 22:50:59,948 DEBUG [com.mod.mapper.OrderFormMapper.getOrderList] - ==>  Preparing: select * from view_order_goods where oid = ? and uid = ?; 
2017-11-10 22:50:59,979 DEBUG [com.mod.mapper.OrderFormMapper.getOrderList] - ==> Parameters: 20171110164436(Long), 1(Integer)
2017-11-10 22:51:00,010 DEBUG [com.mod.mapper.OrderFormMapper.getOrderList] - <==      Total: 2
2017-11-10 22:52:37,078 DEBUG [org.apache.ibatis.logging.LogFactory] - Logging initialized using 'class org.apache.ibatis.logging.slf4j.Slf4jImpl' adapter.
2017-11-10 22:52:37,197 DEBUG [org.apache.ibatis.datasource.pooled.PooledDataSource] - PooledDataSource forcefully closed/removed all connections.
2017-11-10 22:52:37,197 DEBUG [org.apache.ibatis.datasource.pooled.PooledDataSource] - PooledDataSource forcefully closed/removed all connections.
2017-11-10 22:52:37,197 DEBUG [org.apache.ibatis.datasource.pooled.PooledDataSource] - PooledDataSource forcefully closed/removed all connections.
2017-11-10 22:52:37,197 DEBUG [org.apache.ibatis.datasource.pooled.PooledDataSource] - PooledDataSource forcefully closed/removed all connections.
2017-11-10 22:52:37,444 DEBUG [org.apache.ibatis.transaction.jdbc.JdbcTransaction] - Opening JDBC Connection
2017-11-10 22:52:37,683 DEBUG [org.apache.ibatis.datasource.pooled.PooledDataSource] - Created connection 988458918.
2017-11-10 22:52:37,683 DEBUG [org.apache.ibatis.transaction.jdbc.JdbcTransaction] - Setting autocommit to false on JDBC Connection [com.mysql.jdbc.JDBC4Connection@3aeaafa6]
2017-11-10 22:52:37,696 DEBUG [com.mod.mapper.OrderFormMapper.getOrderList] - ==>  Preparing: select * from view_order_goods where oid = ? and uid = ?; 
2017-11-10 22:52:37,743 DEBUG [com.mod.mapper.OrderFormMapper.getOrderList] - ==> Parameters: 20171110164436(Long), 1(Integer)
2017-11-10 22:52:37,783 DEBUG [com.mod.mapper.OrderFormMapper.getOrderList] - <==      Total: 2
2017-11-10 22:59:22,262 DEBUG [org.apache.ibatis.logging.LogFactory] - Logging initialized using 'class org.apache.ibatis.logging.slf4j.Slf4jImpl' adapter.
2017-11-10 22:59:22,377 DEBUG [org.apache.ibatis.datasource.pooled.PooledDataSource] - PooledDataSource forcefully closed/removed all connections.
2017-11-10 22:59:22,377 DEBUG [org.apache.ibatis.datasource.pooled.PooledDataSource] - PooledDataSource forcefully closed/removed all connections.
2017-11-10 22:59:22,377 DEBUG [org.apache.ibatis.datasource.pooled.PooledDataSource] - PooledDataSource forcefully closed/removed all connections.
2017-11-10 22:59:22,377 DEBUG [org.apache.ibatis.datasource.pooled.PooledDataSource] - PooledDataSource forcefully closed/removed all connections.
2017-11-10 22:59:22,631 DEBUG [org.apache.ibatis.transaction.jdbc.JdbcTransaction] - Opening JDBC Connection
2017-11-10 22:59:22,847 DEBUG [org.apache.ibatis.datasource.pooled.PooledDataSource] - Created connection 988458918.
2017-11-10 22:59:22,847 DEBUG [org.apache.ibatis.transaction.jdbc.JdbcTransaction] - Setting autocommit to false on JDBC Connection [com.mysql.jdbc.JDBC4Connection@3aeaafa6]
2017-11-10 22:59:22,860 DEBUG [com.mod.mapper.OrderFormMapper.getOrderList] - ==>  Preparing: select * from view_order_goods where oid = ? and uid = ?; 
2017-11-10 22:59:22,891 DEBUG [com.mod.mapper.OrderFormMapper.getOrderList] - ==> Parameters: 20171110164436(Long), 1(Integer)
2017-11-10 22:59:22,932 DEBUG [com.mod.mapper.OrderFormMapper.getOrderList] - <==      Total: 2
2017-11-10 22:59:39,496 DEBUG [org.apache.ibatis.logging.LogFactory] - Logging initialized using 'class org.apache.ibatis.logging.slf4j.Slf4jImpl' adapter.
2017-11-10 22:59:39,612 DEBUG [org.apache.ibatis.datasource.pooled.PooledDataSource] - PooledDataSource forcefully closed/removed all connections.
2017-11-10 22:59:39,612 DEBUG [org.apache.ibatis.datasource.pooled.PooledDataSource] - PooledDataSource forcefully closed/removed all connections.
2017-11-10 22:59:39,612 DEBUG [org.apache.ibatis.datasource.pooled.PooledDataSource] - PooledDataSource forcefully closed/removed all connections.
2017-11-10 22:59:39,612 DEBUG [org.apache.ibatis.datasource.pooled.PooledDataSource] - PooledDataSource forcefully closed/removed all connections.
2017-11-10 22:59:39,897 DEBUG [org.apache.ibatis.transaction.jdbc.JdbcTransaction] - Opening JDBC Connection
2017-11-10 22:59:40,129 DEBUG [org.apache.ibatis.datasource.pooled.PooledDataSource] - Created connection 988458918.
2017-11-10 22:59:40,129 DEBUG [org.apache.ibatis.transaction.jdbc.JdbcTransaction] - Setting autocommit to false on JDBC Connection [com.mysql.jdbc.JDBC4Connection@3aeaafa6]
2017-11-10 22:59:40,142 DEBUG [com.mod.mapper.OrderFormMapper.getOrderList] - ==>  Preparing: select * from view_order_goods where oid = ? and uid = ?; 
2017-11-10 22:59:40,174 DEBUG [com.mod.mapper.OrderFormMapper.getOrderList] - ==> Parameters: 20171110164436(Long), 1(Integer)
2017-11-10 22:59:40,213 DEBUG [com.mod.mapper.OrderFormMapper.getOrderList] - <==      Total: 2
2017-11-10 23:02:04,079 DEBUG [org.apache.ibatis.logging.LogFactory] - Logging initialized using 'class org.apache.ibatis.logging.slf4j.Slf4jImpl' adapter.
2017-11-10 23:02:04,224 DEBUG [org.apache.ibatis.datasource.pooled.PooledDataSource] - PooledDataSource forcefully closed/removed all connections.
2017-11-10 23:02:04,224 DEBUG [org.apache.ibatis.datasource.pooled.PooledDataSource] - PooledDataSource forcefully closed/removed all connections.
2017-11-10 23:02:04,224 DEBUG [org.apache.ibatis.datasource.pooled.PooledDataSource] - PooledDataSource forcefully closed/removed all connections.
2017-11-10 23:02:04,224 DEBUG [org.apache.ibatis.datasource.pooled.PooledDataSource] - PooledDataSource forcefully closed/removed all connections.
2017-11-10 23:02:04,540 DEBUG [org.apache.ibatis.transaction.jdbc.JdbcTransaction] - Opening JDBC Connection
2017-11-10 23:02:04,828 DEBUG [org.apache.ibatis.datasource.pooled.PooledDataSource] - Created connection 988458918.
2017-11-10 23:02:04,828 DEBUG [org.apache.ibatis.transaction.jdbc.JdbcTransaction] - Setting autocommit to false on JDBC Connection [com.mysql.jdbc.JDBC4Connection@3aeaafa6]
2017-11-10 23:02:04,831 DEBUG [com.mod.mapper.OrderFormMapper.getOrderList] - ==>  Preparing: select * from view_order_goods where oid = ? and uid = ?; 
2017-11-10 23:02:04,849 DEBUG [com.mod.mapper.OrderFormMapper.getOrderList] - ==> Parameters: 20171110164436(Long), 1(Integer)
2017-11-10 23:02:04,934 DEBUG [com.mod.mapper.OrderFormMapper.getOrderList] - <==      Total: 2
2017-11-10 23:03:20,042 DEBUG [org.apache.ibatis.logging.LogFactory] - Logging initialized using 'class org.apache.ibatis.logging.slf4j.Slf4jImpl' adapter.
2017-11-10 23:03:20,158 DEBUG [org.apache.ibatis.datasource.pooled.PooledDataSource] - PooledDataSource forcefully closed/removed all connections.
2017-11-10 23:03:20,158 DEBUG [org.apache.ibatis.datasource.pooled.PooledDataSource] - PooledDataSource forcefully closed/removed all connections.
2017-11-10 23:03:20,158 DEBUG [org.apache.ibatis.datasource.pooled.PooledDataSource] - PooledDataSource forcefully closed/removed all connections.
2017-11-10 23:03:20,158 DEBUG [org.apache.ibatis.datasource.pooled.PooledDataSource] - PooledDataSource forcefully closed/removed all connections.
2017-11-10 23:03:20,406 DEBUG [org.apache.ibatis.transaction.jdbc.JdbcTransaction] - Opening JDBC Connection
2017-11-10 23:03:20,644 DEBUG [org.apache.ibatis.datasource.pooled.PooledDataSource] - Created connection 988458918.
2017-11-10 23:03:20,644 DEBUG [org.apache.ibatis.transaction.jdbc.JdbcTransaction] - Setting autocommit to false on JDBC Connection [com.mysql.jdbc.JDBC4Connection@3aeaafa6]
2017-11-10 23:03:20,644 DEBUG [com.mod.mapper.OrderFormMapper.getOrderList] - ==>  Preparing: select * from view_order_goods where oid = ? and uid = ?; 
2017-11-10 23:03:20,675 DEBUG [com.mod.mapper.OrderFormMapper.getOrderList] - ==> Parameters: 20171110164436(Long), 1(Integer)
2017-11-10 23:03:20,717 DEBUG [com.mod.mapper.OrderFormMapper.getOrderList] - <==      Total: 2
2017-11-10 23:05:08,520 DEBUG [org.apache.ibatis.logging.LogFactory] - Logging initialized using 'class org.apache.ibatis.logging.slf4j.Slf4jImpl' adapter.
2017-11-10 23:05:08,652 DEBUG [org.apache.ibatis.datasource.pooled.PooledDataSource] - PooledDataSource forcefully closed/removed all connections.
2017-11-10 23:05:08,652 DEBUG [org.apache.ibatis.datasource.pooled.PooledDataSource] - PooledDataSource forcefully closed/removed all connections.
2017-11-10 23:05:08,652 DEBUG [org.apache.ibatis.datasource.pooled.PooledDataSource] - PooledDataSource forcefully closed/removed all connections.
2017-11-10 23:05:08,652 DEBUG [org.apache.ibatis.datasource.pooled.PooledDataSource] - PooledDataSource forcefully closed/removed all connections.
2017-11-10 23:05:08,916 DEBUG [org.apache.ibatis.transaction.jdbc.JdbcTransaction] - Opening JDBC Connection
2017-11-10 23:05:09,136 DEBUG [org.apache.ibatis.datasource.pooled.PooledDataSource] - Created connection 988458918.
2017-11-10 23:05:09,152 DEBUG [org.apache.ibatis.transaction.jdbc.JdbcTransaction] - Setting autocommit to false on JDBC Connection [com.mysql.jdbc.JDBC4Connection@3aeaafa6]
2017-11-10 23:05:09,152 DEBUG [com.mod.mapper.OrderFormMapper.getOrderList] - ==>  Preparing: select * from view_order_goods where oid = ? and uid = ?; 
2017-11-10 23:05:09,199 DEBUG [com.mod.mapper.OrderFormMapper.getOrderList] - ==> Parameters: 20171110164436(Long), 1(Integer)
2017-11-10 23:05:09,252 DEBUG [com.mod.mapper.OrderFormMapper.getOrderList] - <==      Total: 2
2017-11-10 23:08:17,401 DEBUG [org.apache.ibatis.logging.LogFactory] - Logging initialized using 'class org.apache.ibatis.logging.slf4j.Slf4jImpl' adapter.
2017-11-10 23:08:17,555 DEBUG [org.apache.ibatis.datasource.pooled.PooledDataSource] - PooledDataSource forcefully closed/removed all connections.
2017-11-10 23:08:17,555 DEBUG [org.apache.ibatis.datasource.pooled.PooledDataSource] - PooledDataSource forcefully closed/removed all connections.
2017-11-10 23:08:17,555 DEBUG [org.apache.ibatis.datasource.pooled.PooledDataSource] - PooledDataSource forcefully closed/removed all connections.
2017-11-10 23:08:17,555 DEBUG [org.apache.ibatis.datasource.pooled.PooledDataSource] - PooledDataSource forcefully closed/removed all connections.
2017-11-10 23:08:17,802 DEBUG [org.apache.ibatis.transaction.jdbc.JdbcTransaction] - Opening JDBC Connection
2017-11-10 23:08:18,156 DEBUG [org.apache.ibatis.datasource.pooled.PooledDataSource] - Created connection 988458918.
2017-11-10 23:08:18,160 DEBUG [org.apache.ibatis.transaction.jdbc.JdbcTransaction] - Setting autocommit to false on JDBC Connection [com.mysql.jdbc.JDBC4Connection@3aeaafa6]
2017-11-10 23:08:18,162 DEBUG [com.mod.mapper.OrderFormMapper.getOrderList] - ==>  Preparing: select * from view_order_goods where oid = ? and uid = ?; 
2017-11-10 23:08:18,241 DEBUG [com.mod.mapper.OrderFormMapper.getOrderList] - ==> Parameters: 20171110164436(Long), 1(Integer)
2017-11-10 23:08:18,303 DEBUG [com.mod.mapper.OrderFormMapper.getOrderList] - <==      Total: 2
2017-11-10 23:08:42,198 DEBUG [org.apache.ibatis.logging.LogFactory] - Logging initialized using 'class org.apache.ibatis.logging.slf4j.Slf4jImpl' adapter.
2017-11-10 23:08:42,367 DEBUG [org.apache.ibatis.datasource.pooled.PooledDataSource] - PooledDataSource forcefully closed/removed all connections.
2017-11-10 23:08:42,367 DEBUG [org.apache.ibatis.datasource.pooled.PooledDataSource] - PooledDataSource forcefully closed/removed all connections.
2017-11-10 23:08:42,367 DEBUG [org.apache.ibatis.datasource.pooled.PooledDataSource] - PooledDataSource forcefully closed/removed all connections.
2017-11-10 23:08:42,367 DEBUG [org.apache.ibatis.datasource.pooled.PooledDataSource] - PooledDataSource forcefully closed/removed all connections.
2017-11-10 23:08:42,630 DEBUG [org.apache.ibatis.transaction.jdbc.JdbcTransaction] - Opening JDBC Connection
2017-11-10 23:08:42,846 DEBUG [org.apache.ibatis.datasource.pooled.PooledDataSource] - Created connection 988458918.
2017-11-10 23:08:42,846 DEBUG [org.apache.ibatis.transaction.jdbc.JdbcTransaction] - Setting autocommit to false on JDBC Connection [com.mysql.jdbc.JDBC4Connection@3aeaafa6]
2017-11-10 23:08:42,859 DEBUG [com.mod.mapper.OrderFormMapper.getOrderList] - ==>  Preparing: select * from view_order_goods where oid = ? and uid = ?; 
2017-11-10 23:08:42,884 DEBUG [com.mod.mapper.OrderFormMapper.getOrderList] - ==> Parameters: 20171110164436(Long), 1(Integer)
2017-11-10 23:08:42,931 DEBUG [com.mod.mapper.OrderFormMapper.getOrderList] - <==      Total: 2
2017-11-10 23:10:00,290 DEBUG [org.apache.ibatis.logging.LogFactory] - Logging initialized using 'class org.apache.ibatis.logging.slf4j.Slf4jImpl' adapter.
2017-11-10 23:10:00,421 DEBUG [org.apache.ibatis.datasource.pooled.PooledDataSource] - PooledDataSource forcefully closed/removed all connections.
2017-11-10 23:10:00,421 DEBUG [org.apache.ibatis.datasource.pooled.PooledDataSource] - PooledDataSource forcefully closed/removed all connections.
2017-11-10 23:10:00,421 DEBUG [org.apache.ibatis.datasource.pooled.PooledDataSource] - PooledDataSource forcefully closed/removed all connections.
2017-11-10 23:10:00,421 DEBUG [org.apache.ibatis.datasource.pooled.PooledDataSource] - PooledDataSource forcefully closed/removed all connections.
2017-11-10 23:10:00,675 DEBUG [org.apache.ibatis.transaction.jdbc.JdbcTransaction] - Opening JDBC Connection
2017-11-10 23:10:00,923 DEBUG [org.apache.ibatis.datasource.pooled.PooledDataSource] - Created connection 988458918.
2017-11-10 23:10:00,923 DEBUG [org.apache.ibatis.transaction.jdbc.JdbcTransaction] - Setting autocommit to false on JDBC Connection [com.mysql.jdbc.JDBC4Connection@3aeaafa6]
2017-11-10 23:10:00,932 DEBUG [com.mod.mapper.OrderFormMapper.getOrderList] - ==>  Preparing: select * from view_order_goods where oid = ? and uid = ?; 
2017-11-10 23:10:00,960 DEBUG [com.mod.mapper.OrderFormMapper.getOrderList] - ==> Parameters: 20171110164436(Long), 1(Integer)
2017-11-10 23:10:01,007 DEBUG [com.mod.mapper.OrderFormMapper.getOrderList] - <==      Total: 2
2017-11-10 23:10:28,895 DEBUG [org.apache.ibatis.logging.LogFactory] - Logging initialized using 'class org.apache.ibatis.logging.slf4j.Slf4jImpl' adapter.
2017-11-10 23:10:29,049 DEBUG [org.apache.ibatis.datasource.pooled.PooledDataSource] - PooledDataSource forcefully closed/removed all connections.
2017-11-10 23:10:29,049 DEBUG [org.apache.ibatis.datasource.pooled.PooledDataSource] - PooledDataSource forcefully closed/removed all connections.
2017-11-10 23:10:29,049 DEBUG [org.apache.ibatis.datasource.pooled.PooledDataSource] - PooledDataSource forcefully closed/removed all connections.
2017-11-10 23:10:29,049 DEBUG [org.apache.ibatis.datasource.pooled.PooledDataSource] - PooledDataSource forcefully closed/removed all connections.
2017-11-10 23:10:29,312 DEBUG [org.apache.ibatis.transaction.jdbc.JdbcTransaction] - Opening JDBC Connection
2017-11-10 23:10:29,535 DEBUG [org.apache.ibatis.datasource.pooled.PooledDataSource] - Created connection 988458918.
2017-11-10 23:10:29,535 DEBUG [org.apache.ibatis.transaction.jdbc.JdbcTransaction] - Setting autocommit to false on JDBC Connection [com.mysql.jdbc.JDBC4Connection@3aeaafa6]
2017-11-10 23:10:29,553 DEBUG [com.mod.mapper.OrderFormMapper.getOrderList] - ==>  Preparing: select * from view_order_goods where oid = ? and uid = ?; 
2017-11-10 23:10:29,584 DEBUG [com.mod.mapper.OrderFormMapper.getOrderList] - ==> Parameters: 20171110164436(Long), 1(Integer)
2017-11-10 23:10:29,635 DEBUG [com.mod.mapper.OrderFormMapper.getOrderList] - <==      Total: 2
2017-11-10 23:12:58,612 DEBUG [org.apache.ibatis.logging.LogFactory] - Logging initialized using 'class org.apache.ibatis.logging.slf4j.Slf4jImpl' adapter.
2017-11-10 23:12:58,743 DEBUG [org.apache.ibatis.datasource.pooled.PooledDataSource] - PooledDataSource forcefully closed/removed all connections.
2017-11-10 23:12:58,743 DEBUG [org.apache.ibatis.datasource.pooled.PooledDataSource] - PooledDataSource forcefully closed/removed all connections.
2017-11-10 23:12:58,743 DEBUG [org.apache.ibatis.datasource.pooled.PooledDataSource] - PooledDataSource forcefully closed/removed all connections.
2017-11-10 23:12:58,743 DEBUG [org.apache.ibatis.datasource.pooled.PooledDataSource] - PooledDataSource forcefully closed/removed all connections.
2017-11-10 23:12:59,028 DEBUG [org.apache.ibatis.transaction.jdbc.JdbcTransaction] - Opening JDBC Connection
2017-11-10 23:12:59,260 DEBUG [org.apache.ibatis.datasource.pooled.PooledDataSource] - Created connection 988458918.
2017-11-10 23:12:59,260 DEBUG [org.apache.ibatis.transaction.jdbc.JdbcTransaction] - Setting autocommit to false on JDBC Connection [com.mysql.jdbc.JDBC4Connection@3aeaafa6]
2017-11-10 23:12:59,268 DEBUG [com.mod.mapper.OrderFormMapper.getOrderList] - ==>  Preparing: select * from view_order_goods where oid = ? and uid = ?; 
2017-11-10 23:12:59,303 DEBUG [com.mod.mapper.OrderFormMapper.getOrderList] - ==> Parameters: 20171110164436(Long), 1(Integer)
2017-11-10 23:12:59,345 DEBUG [com.mod.mapper.OrderFormMapper.getOrderList] - <==      Total: 2
2017-11-10 23:14:27,734 DEBUG [org.apache.ibatis.logging.LogFactory] - Logging initialized using 'class org.apache.ibatis.logging.slf4j.Slf4jImpl' adapter.
2017-11-10 23:14:27,888 DEBUG [org.apache.ibatis.datasource.pooled.PooledDataSource] - PooledDataSource forcefully closed/removed all connections.
2017-11-10 23:14:27,888 DEBUG [org.apache.ibatis.datasource.pooled.PooledDataSource] - PooledDataSource forcefully closed/removed all connections.
2017-11-10 23:14:27,888 DEBUG [org.apache.ibatis.datasource.pooled.PooledDataSource] - PooledDataSource forcefully closed/removed all connections.
2017-11-10 23:14:27,888 DEBUG [org.apache.ibatis.datasource.pooled.PooledDataSource] - PooledDataSource forcefully closed/removed all connections.
2017-11-10 23:14:28,157 DEBUG [org.apache.ibatis.transaction.jdbc.JdbcTransaction] - Opening JDBC Connection
2017-11-10 23:14:28,404 DEBUG [org.apache.ibatis.datasource.pooled.PooledDataSource] - Created connection 988458918.
2017-11-10 23:14:28,412 DEBUG [org.apache.ibatis.transaction.jdbc.JdbcTransaction] - Setting autocommit to false on JDBC Connection [com.mysql.jdbc.JDBC4Connection@3aeaafa6]
2017-11-10 23:14:28,414 DEBUG [com.mod.mapper.OrderFormMapper.getOrderList] - ==>  Preparing: select * from view_order_goods where oid = ? and uid = ?; 
2017-11-10 23:14:28,449 DEBUG [com.mod.mapper.OrderFormMapper.getOrderList] - ==> Parameters: 20171110164436(Long), 1(Integer)
2017-11-10 23:14:28,489 DEBUG [com.mod.mapper.OrderFormMapper.getOrderList] - <==      Total: 2
2017-11-10 23:14:41,294 DEBUG [org.apache.ibatis.logging.LogFactory] - Logging initialized using 'class org.apache.ibatis.logging.slf4j.Slf4jImpl' adapter.
2017-11-10 23:14:41,426 DEBUG [org.apache.ibatis.datasource.pooled.PooledDataSource] - PooledDataSource forcefully closed/removed all connections.
2017-11-10 23:14:41,426 DEBUG [org.apache.ibatis.datasource.pooled.PooledDataSource] - PooledDataSource forcefully closed/removed all connections.
2017-11-10 23:14:41,426 DEBUG [org.apache.ibatis.datasource.pooled.PooledDataSource] - PooledDataSource forcefully closed/removed all connections.
2017-11-10 23:14:41,426 DEBUG [org.apache.ibatis.datasource.pooled.PooledDataSource] - PooledDataSource forcefully closed/removed all connections.
2017-11-10 23:14:41,711 DEBUG [org.apache.ibatis.transaction.jdbc.JdbcTransaction] - Opening JDBC Connection
2017-11-10 23:14:41,927 DEBUG [org.apache.ibatis.datasource.pooled.PooledDataSource] - Created connection 988458918.
2017-11-10 23:14:41,927 DEBUG [org.apache.ibatis.transaction.jdbc.JdbcTransaction] - Setting autocommit to false on JDBC Connection [com.mysql.jdbc.JDBC4Connection@3aeaafa6]
2017-11-10 23:14:41,933 DEBUG [com.mod.mapper.OrderFormMapper.getOrderList] - ==>  Preparing: select * from view_order_goods where oid = ? and uid = ?; 
2017-11-10 23:14:41,969 DEBUG [com.mod.mapper.OrderFormMapper.getOrderList] - ==> Parameters: 20171110164436(Long), 1(Integer)
2017-11-10 23:14:42,011 DEBUG [com.mod.mapper.OrderFormMapper.getOrderList] - <==      Total: 2
2017-11-10 23:20:32,236 DEBUG [org.apache.ibatis.logging.LogFactory] - Logging initialized using 'class org.apache.ibatis.logging.slf4j.Slf4jImpl' adapter.
2017-11-10 23:20:32,450 DEBUG [org.apache.ibatis.datasource.pooled.PooledDataSource] - PooledDataSource forcefully closed/removed all connections.
2017-11-10 23:20:32,450 DEBUG [org.apache.ibatis.datasource.pooled.PooledDataSource] - PooledDataSource forcefully closed/removed all connections.
2017-11-10 23:20:32,451 DEBUG [org.apache.ibatis.datasource.pooled.PooledDataSource] - PooledDataSource forcefully closed/removed all connections.
2017-11-10 23:20:32,451 DEBUG [org.apache.ibatis.datasource.pooled.PooledDataSource] - PooledDataSource forcefully closed/removed all connections.
2017-11-10 23:20:32,850 DEBUG [org.apache.ibatis.transaction.jdbc.JdbcTransaction] - Opening JDBC Connection
2017-11-10 23:20:33,073 DEBUG [org.apache.ibatis.datasource.pooled.PooledDataSource] - Created connection 988458918.
2017-11-10 23:20:33,073 DEBUG [org.apache.ibatis.transaction.jdbc.JdbcTransaction] - Setting autocommit to false on JDBC Connection [com.mysql.jdbc.JDBC4Connection@3aeaafa6]
2017-11-10 23:20:33,073 DEBUG [com.mod.mapper.OrderFormMapper.getOrderList] - ==>  Preparing: select * from view_order_goods where oid = ? and uid = ?; 
2017-11-10 23:20:33,110 DEBUG [com.mod.mapper.OrderFormMapper.getOrderList] - ==> Parameters: 20171110164436(Long), 1(Integer)
2017-11-10 23:20:33,157 DEBUG [com.mod.mapper.OrderFormMapper.getOrderList] - <==      Total: 2
2017-11-10 23:22:25,991 DEBUG [org.apache.ibatis.logging.LogFactory] - Logging initialized using 'class org.apache.ibatis.logging.slf4j.Slf4jImpl' adapter.
2017-11-10 23:22:26,123 DEBUG [org.apache.ibatis.datasource.pooled.PooledDataSource] - PooledDataSource forcefully closed/removed all connections.
2017-11-10 23:22:26,123 DEBUG [org.apache.ibatis.datasource.pooled.PooledDataSource] - PooledDataSource forcefully closed/removed all connections.
2017-11-10 23:22:26,123 DEBUG [org.apache.ibatis.datasource.pooled.PooledDataSource] - PooledDataSource forcefully closed/removed all connections.
2017-11-10 23:22:26,123 DEBUG [org.apache.ibatis.datasource.pooled.PooledDataSource] - PooledDataSource forcefully closed/removed all connections.
2017-11-10 23:22:26,375 DEBUG [org.apache.ibatis.transaction.jdbc.JdbcTransaction] - Opening JDBC Connection
2017-11-10 23:22:26,623 DEBUG [org.apache.ibatis.datasource.pooled.PooledDataSource] - Created connection 988458918.
2017-11-10 23:22:26,623 DEBUG [org.apache.ibatis.transaction.jdbc.JdbcTransaction] - Setting autocommit to false on JDBC Connection [com.mysql.jdbc.JDBC4Connection@3aeaafa6]
2017-11-10 23:22:26,631 DEBUG [com.mod.mapper.OrderFormMapper.getOrderList] - ==>  Preparing: select * from view_order_goods where oid = ? and uid = ?; 
2017-11-10 23:22:26,755 DEBUG [com.mod.mapper.OrderFormMapper.getOrderList] - ==> Parameters: 20171110164436(Long), 1(Integer)
2017-11-10 23:22:26,852 DEBUG [com.mod.mapper.OrderFormMapper.getOrderList] - <==      Total: 2
2017-11-10 23:23:01,058 DEBUG [org.apache.ibatis.logging.LogFactory] - Logging initialized using 'class org.apache.ibatis.logging.slf4j.Slf4jImpl' adapter.
2017-11-10 23:23:01,180 DEBUG [org.apache.ibatis.datasource.pooled.PooledDataSource] - PooledDataSource forcefully closed/removed all connections.
2017-11-10 23:23:01,180 DEBUG [org.apache.ibatis.datasource.pooled.PooledDataSource] - PooledDataSource forcefully closed/removed all connections.
2017-11-10 23:23:01,180 DEBUG [org.apache.ibatis.datasource.pooled.PooledDataSource] - PooledDataSource forcefully closed/removed all connections.
2017-11-10 23:23:01,180 DEBUG [org.apache.ibatis.datasource.pooled.PooledDataSource] - PooledDataSource forcefully closed/removed all connections.
2017-11-10 23:23:01,443 DEBUG [org.apache.ibatis.transaction.jdbc.JdbcTransaction] - Opening JDBC Connection
2017-11-10 23:23:01,677 DEBUG [org.apache.ibatis.datasource.pooled.PooledDataSource] - Created connection 988458918.
2017-11-10 23:23:01,679 DEBUG [org.apache.ibatis.transaction.jdbc.JdbcTransaction] - Setting autocommit to false on JDBC Connection [com.mysql.jdbc.JDBC4Connection@3aeaafa6]
2017-11-10 23:23:01,681 DEBUG [com.mod.mapper.OrderFormMapper.getOrderList] - ==>  Preparing: select * from view_order_goods where oid = ? and uid = ?; 
2017-11-10 23:23:01,712 DEBUG [com.mod.mapper.OrderFormMapper.getOrderList] - ==> Parameters: 20171110164436(Long), 1(Integer)
2017-11-10 23:23:01,759 DEBUG [com.mod.mapper.OrderFormMapper.getOrderList] - <==      Total: 2
2017-11-10 23:23:40,826 DEBUG [org.apache.ibatis.logging.LogFactory] - Logging initialized using 'class org.apache.ibatis.logging.slf4j.Slf4jImpl' adapter.
2017-11-10 23:23:40,963 DEBUG [org.apache.ibatis.datasource.pooled.PooledDataSource] - PooledDataSource forcefully closed/removed all connections.
2017-11-10 23:23:40,963 DEBUG [org.apache.ibatis.datasource.pooled.PooledDataSource] - PooledDataSource forcefully closed/removed all connections.
2017-11-10 23:23:40,963 DEBUG [org.apache.ibatis.datasource.pooled.PooledDataSource] - PooledDataSource forcefully closed/removed all connections.
2017-11-10 23:23:40,963 DEBUG [org.apache.ibatis.datasource.pooled.PooledDataSource] - PooledDataSource forcefully closed/removed all connections.
2017-11-10 23:23:41,227 DEBUG [org.apache.ibatis.transaction.jdbc.JdbcTransaction] - Opening JDBC Connection
2017-11-10 23:23:41,433 DEBUG [org.apache.ibatis.datasource.pooled.PooledDataSource] - Created connection 988458918.
2017-11-10 23:23:41,433 DEBUG [org.apache.ibatis.transaction.jdbc.JdbcTransaction] - Setting autocommit to false on JDBC Connection [com.mysql.jdbc.JDBC4Connection@3aeaafa6]
2017-11-10 23:23:41,447 DEBUG [com.mod.mapper.OrderFormMapper.getOrderList] - ==>  Preparing: select * from view_order_goods where oid = ? and uid = ?; 
2017-11-10 23:23:41,533 DEBUG [com.mod.mapper.OrderFormMapper.getOrderList] - ==> Parameters: 20171110164436(Long), 1(Integer)
2017-11-10 23:23:41,612 DEBUG [com.mod.mapper.OrderFormMapper.getOrderList] - <==      Total: 2
2017-11-10 23:25:50,532 DEBUG [org.apache.ibatis.logging.LogFactory] - Logging initialized using 'class org.apache.ibatis.logging.slf4j.Slf4jImpl' adapter.
2017-11-10 23:25:50,665 DEBUG [org.apache.ibatis.datasource.pooled.PooledDataSource] - PooledDataSource forcefully closed/removed all connections.
2017-11-10 23:25:50,665 DEBUG [org.apache.ibatis.datasource.pooled.PooledDataSource] - PooledDataSource forcefully closed/removed all connections.
2017-11-10 23:25:50,665 DEBUG [org.apache.ibatis.datasource.pooled.PooledDataSource] - PooledDataSource forcefully closed/removed all connections.
2017-11-10 23:25:50,665 DEBUG [org.apache.ibatis.datasource.pooled.PooledDataSource] - PooledDataSource forcefully closed/removed all connections.
2017-11-10 23:25:50,914 DEBUG [org.apache.ibatis.transaction.jdbc.JdbcTransaction] - Opening JDBC Connection
2017-11-10 23:25:51,150 DEBUG [org.apache.ibatis.datasource.pooled.PooledDataSource] - Created connection 988458918.
2017-11-10 23:25:51,150 DEBUG [org.apache.ibatis.transaction.jdbc.JdbcTransaction] - Setting autocommit to false on JDBC Connection [com.mysql.jdbc.JDBC4Connection@3aeaafa6]
2017-11-10 23:25:51,155 DEBUG [com.mod.mapper.OrderFormMapper.getOrderList] - ==>  Preparing: select * from view_order_goods where oid = ? and uid = ?; 
2017-11-10 23:25:51,186 DEBUG [com.mod.mapper.OrderFormMapper.getOrderList] - ==> Parameters: 20171110164436(Long), 1(Integer)
2017-11-10 23:25:51,219 DEBUG [com.mod.mapper.OrderFormMapper.getOrderList] - <==      Total: 2
