2017-12-25 15:14:47  WARN 145203ms|>- 
### Error updating database.  Cause: com.mysql.jdbc.MysqlDataTruncation: Data truncation: Out of range value for column 'SubTotal' at row 1
### The error may involve com.mod.mapper.OrderFormMapper.insertSelective-Inline
### The error occurred while setting parameters
### SQL: insert into orderform      ( oid,                       gid,                       gnum,                       SubTotal,                       descption,                       uid )       values ( ?,                       ?,                       ?,                       ?,                       ?,                       ? )
### Cause: com.mysql.jdbc.MysqlDataTruncation: Data truncation: Out of range value for column 'SubTotal' at row 1
; SQL []; Data truncation: Out of range value for column 'SubTotal' at row 1; nested exception is com.mysql.jdbc.MysqlDataTruncation: Data truncation: Out of range value for column 'SubTotal' at row 1
 <com.dao.OrdersDao.addOrders(OrdersDao.java:197)> 
2017-12-25 15:14:48  WARN 145274ms|>- Method <addOrders> end with exception: addOrders更新失败!....
 <com.log.DaoLogging.afterThrowing(DaoLogging.java:54)> 
2017-12-25 15:34:42  WARN 55089ms|>- Method <addOrders> end with exception: 
### Error updating database.  Cause: com.mysql.jdbc.MysqlDataTruncation: Data truncation: Out of range value for column 'SubTotal' at row 1
### The error may involve com.mod.mapper.OrderFormMapper.insertSelective-Inline
### The error occurred while setting parameters
### SQL: insert into orderform      ( oid,                       gid,                       gnum,                       SubTotal,                       descption,                       uid )       values ( ?,                       ?,                       ?,                       ?,                       ?,                       ? )
### Cause: com.mysql.jdbc.MysqlDataTruncation: Data truncation: Out of range value for column 'SubTotal' at row 1
; SQL []; Data truncation: Out of range value for column 'SubTotal' at row 1; nested exception is com.mysql.jdbc.MysqlDataTruncation: Data truncation: Out of range value for column 'SubTotal' at row 1....
 <com.log.DaoLogging.afterThrowing(DaoLogging.java:53)> 
2017-12-25 15:38:51  WARN 303840ms|>- Method <addOrders> end with exception: addOrders更新失败!库存不足....
 <com.log.DaoLogging.afterThrowing(DaoLogging.java:53)> 
2017-12-25 15:52:28  WARN 50997ms|>- Method <addOrders> end with exception: addOrders更新失败!库存不足....
 <com.log.DaoLogging.afterThrowing(DaoLogging.java:53)> 
2017-12-25 15:54:57  WARN 200527ms|>- Method <addOrders> end with exception: addOrders更新失败!库存不足....
 <com.log.DaoLogging.afterThrowing(DaoLogging.java:53)> 
2017-12-25 15:56:36  WARN 299074ms|>- Method <addOrders> end with exception: addOrders更新失败!库存不足....
 <com.log.DaoLogging.afterThrowing(DaoLogging.java:53)> 
2017-12-25 16:12:03  WARN 29024ms|>- Method <addOrders> end with exception: addOrders更新失败!库存不足....
 <com.log.DaoLogging.afterThrowing(DaoLogging.java:53)> 
2017-12-25 16:13:34  WARN 30652ms|>- Method <addOrders> end with exception: addOrders更新失败!库存不足....
 <com.log.DaoLogging.afterThrowing(DaoLogging.java:53)> 
2017-12-25 16:14:57  WARN 113313ms|>- Method <addOrders> end with exception: addOrders更新失败!库存不足....
 <com.log.DaoLogging.afterThrowing(DaoLogging.java:53)> 
2017-12-25 16:15:07  WARN 123430ms|>- Method <addOrders> end with exception: addOrders更新失败!库存不足....
 <com.log.DaoLogging.afterThrowing(DaoLogging.java:53)> 
2017-12-25 16:15:49  WARN 165624ms|>- Method <addOrders> end with exception: addOrders更新失败!库存不足....
 <com.log.DaoLogging.afterThrowing(DaoLogging.java:53)> 
2017-12-25 16:18:30  WARN 326768ms|>- Method <addOrders> end with exception: addOrders更新失败!库存不足....
 <com.log.DaoLogging.afterThrowing(DaoLogging.java:53)> 
2017-12-25 16:30:27  WARN 29222ms|>- Method <addOrders> end with exception: addOrders更新失败!库存不足....
 <com.log.DaoLogging.afterThrowing(DaoLogging.java:53)> 
2017-12-25 16:31:20  WARN 81974ms|>- Method <addOrders> end with exception: addOrders更新失败!库存不足....
 <com.log.DaoLogging.afterThrowing(DaoLogging.java:53)> 
2017-12-25 16:35:17  WARN 29335ms|>- Method <addOrders> end with exception: addOrders更新失败!库存不足....
 <com.log.DaoLogging.afterThrowing(DaoLogging.java:53)> 
2017-12-25 16:39:01  WARN 14771ms|>- Method <addOrders> end with exception: addOrders更新失败!库存不足....
 <com.log.DaoLogging.afterThrowing(DaoLogging.java:53)> 
2017-12-25 16:41:13  WARN 17058ms|>- Method <addOrders> end with exception: addOrders更新失败!库存不足....
 <com.log.DaoLogging.afterThrowing(DaoLogging.java:53)> 
2017-12-25 17:49:24  WARN 4478ms|>- Exception encountered during context initialization - cancelling refresh attempt
 <org.springframework.context.support.AbstractApplicationContext.refresh(AbstractApplicationContext.java:487)> 
org.springframework.beans.factory.BeanCreationException: Error creating bean with name 'indexAnd' defined in file [D:\MyEclipse\apache-tomcat-9.0.1\webapps\shoppingSSM\WEB-INF\classes\com\Android\servelet\IndexAnd.class]: BeanPostProcessor before instantiation of bean failed; nested exception is org.springframework.beans.factory.BeanCreationException: Error creating bean with name 'org.springframework.transaction.config.internalTransactionAdvisor': Cannot resolve reference to bean 'org.springframework.transaction.annotation.AnnotationTransactionAttributeSource#0' while setting bean property 'transactionAttributeSource'; nested exception is org.springframework.beans.factory.BeanCreationException: Error creating bean with name 'org.springframework.transaction.annotation.AnnotationTransactionAttributeSource#0': Initialization of bean failed; nested exception is java.lang.IllegalArgumentException: Pointcut is not well-formed: expecting ')' at character position 0
execution(* com.dao.*.*(..)) && !execution(* com.service.QrcheckService.getQrcheck(String)
^

	at org.springframework.beans.factory.support.AbstractAutowireCapableBeanFactory.createBean(AbstractAutowireCapableBeanFactory.java:472)
	at org.springframework.beans.factory.support.AbstractBeanFactory$1.getObject(AbstractBeanFactory.java:302)
	at org.springframework.beans.factory.support.DefaultSingletonBeanRegistry.getSingleton(DefaultSingletonBeanRegistry.java:229)
	at org.springframework.beans.factory.support.AbstractBeanFactory.doGetBean(AbstractBeanFactory.java:298)
	at org.springframework.beans.factory.support.AbstractBeanFactory.getBean(AbstractBeanFactory.java:193)
	at org.springframework.beans.factory.support.DefaultListableBeanFactory.preInstantiateSingletons(DefaultListableBeanFactory.java:725)
	at org.springframework.context.support.AbstractApplicationContext.finishBeanFactoryInitialization(AbstractApplicationContext.java:757)
	at org.springframework.context.support.AbstractApplicationContext.refresh(AbstractApplicationContext.java:480)
	at org.springframework.web.context.ContextLoader.configureAndRefreshWebApplicationContext(ContextLoader.java:403)
	at org.springframework.web.context.ContextLoader.initWebApplicationContext(ContextLoader.java:306)
	at org.springframework.web.context.ContextLoaderListener.contextInitialized(ContextLoaderListener.java:106)
	at org.apache.catalina.core.StandardContext.listenerStart(StandardContext.java:4643)
	at org.apache.catalina.core.StandardContext.startInternal(StandardContext.java:5105)
	at org.apache.catalina.util.LifecycleBase.start(LifecycleBase.java:183)
	at org.apache.catalina.core.ContainerBase.addChildInternal(ContainerBase.java:740)
	at org.apache.catalina.core.ContainerBase.addChild(ContainerBase.java:716)
	at org.apache.catalina.core.StandardHost.addChild(StandardHost.java:703)
	at org.apache.catalina.startup.HostConfig.deployDirectory(HostConfig.java:1134)
	at org.apache.catalina.startup.HostConfig$DeployDirectory.run(HostConfig.java:1868)
	at java.util.concurrent.Executors$RunnableAdapter.call(Executors.java:511)
	at java.util.concurrent.FutureTask.run(FutureTask.java:266)
	at org.apache.tomcat.util.threads.InlineExecutorService.execute(InlineExecutorService.java:75)
	at java.util.concurrent.AbstractExecutorService.submit(AbstractExecutorService.java:112)
	at org.apache.catalina.startup.HostConfig.deployDirectories(HostConfig.java:1045)
	at org.apache.catalina.startup.HostConfig.deployApps(HostConfig.java:433)
	at org.apache.catalina.startup.HostConfig.start(HostConfig.java:1578)
	at org.apache.catalina.startup.HostConfig.lifecycleEvent(HostConfig.java:308)
	at org.apache.catalina.util.LifecycleBase.fireLifecycleEvent(LifecycleBase.java:123)
	at org.apache.catalina.util.LifecycleBase.setStateInternal(LifecycleBase.java:424)
	at org.apache.catalina.util.LifecycleBase.setState(LifecycleBase.java:367)
	at org.apache.catalina.core.ContainerBase.startInternal(ContainerBase.java:964)
	at org.apache.catalina.core.StandardHost.startInternal(StandardHost.java:839)
	at org.apache.catalina.util.LifecycleBase.start(LifecycleBase.java:183)
	at org.apache.catalina.core.ContainerBase$StartChild.call(ContainerBase.java:1425)
	at org.apache.catalina.core.ContainerBase$StartChild.call(ContainerBase.java:1415)
	at java.util.concurrent.FutureTask.run(FutureTask.java:266)
	at org.apache.tomcat.util.threads.InlineExecutorService.execute(InlineExecutorService.java:75)
	at java.util.concurrent.AbstractExecutorService.submit(AbstractExecutorService.java:134)
	at org.apache.catalina.core.ContainerBase.startInternal(ContainerBase.java:941)
	at org.apache.catalina.core.StandardEngine.startInternal(StandardEngine.java:258)
	at org.apache.catalina.util.LifecycleBase.start(LifecycleBase.java:183)
	at org.apache.catalina.core.StandardService.startInternal(StandardService.java:422)
	at org.apache.catalina.util.LifecycleBase.start(LifecycleBase.java:183)
	at org.apache.catalina.core.StandardServer.startInternal(StandardServer.java:770)
	at org.apache.catalina.util.LifecycleBase.start(LifecycleBase.java:183)
	at org.apache.catalina.startup.Catalina.start(Catalina.java:671)
	at sun.reflect.NativeMethodAccessorImpl.invoke0(Native Method)
	at sun.reflect.NativeMethodAccessorImpl.invoke(NativeMethodAccessorImpl.java:62)
	at sun.reflect.DelegatingMethodAccessorImpl.invoke(DelegatingMethodAccessorImpl.java:43)
	at java.lang.reflect.Method.invoke(Method.java:497)
	at org.apache.catalina.startup.Bootstrap.start(Bootstrap.java:355)
	at org.apache.catalina.startup.Bootstrap.main(Bootstrap.java:495)
Caused by: org.springframework.beans.factory.BeanCreationException: Error creating bean with name 'org.springframework.transaction.config.internalTransactionAdvisor': Cannot resolve reference to bean 'org.springframework.transaction.annotation.AnnotationTransactionAttributeSource#0' while setting bean property 'transactionAttributeSource'; nested exception is org.springframework.beans.factory.BeanCreationException: Error creating bean with name 'org.springframework.transaction.annotation.AnnotationTransactionAttributeSource#0': Initialization of bean failed; nested exception is java.lang.IllegalArgumentException: Pointcut is not well-formed: expecting ')' at character position 0
execution(* com.dao.*.*(..)) && !execution(* com.service.QrcheckService.getQrcheck(String)
^

	at org.springframework.beans.factory.support.BeanDefinitionValueResolver.resolveReference(BeanDefinitionValueResolver.java:336)
	at org.springframework.beans.factory.support.BeanDefinitionValueResolver.resolveValueIfNecessary(BeanDefinitionValueResolver.java:108)
	at org.springframework.beans.factory.support.AbstractAutowireCapableBeanFactory.applyPropertyValues(AbstractAutowireCapableBeanFactory.java:1471)
	at org.springframework.beans.factory.support.AbstractAutowireCapableBeanFactory.populateBean(AbstractAutowireCapableBeanFactory.java:1216)
	at org.springframework.beans.factory.support.AbstractAutowireCapableBeanFactory.doCreateBean(AbstractAutowireCapableBeanFactory.java:538)
	at org.springframework.beans.factory.support.AbstractAutowireCapableBeanFactory.createBean(AbstractAutowireCapableBeanFactory.java:476)
	at org.springframework.beans.factory.support.AbstractBeanFactory$1.getObject(AbstractBeanFactory.java:302)
	at org.springframework.beans.factory.support.DefaultSingletonBeanRegistry.getSingleton(DefaultSingletonBeanRegistry.java:229)
	at org.springframework.beans.factory.support.AbstractBeanFactory.doGetBean(AbstractBeanFactory.java:298)
	at org.springframework.beans.factory.support.AbstractBeanFactory.getBean(AbstractBeanFactory.java:198)
	at org.springframework.aop.framework.autoproxy.BeanFactoryAdvisorRetrievalHelper.findAdvisorBeans(BeanFactoryAdvisorRetrievalHelper.java:92)
	at org.springframework.aop.framework.autoproxy.AbstractAdvisorAutoProxyCreator.findCandidateAdvisors(AbstractAdvisorAutoProxyCreator.java:101)
	at org.springframework.aop.aspectj.annotation.AnnotationAwareAspectJAutoProxyCreator.findCandidateAdvisors(AnnotationAwareAspectJAutoProxyCreator.java:85)
	at org.springframework.aop.aspectj.autoproxy.AspectJAwareAdvisorAutoProxyCreator.shouldSkip(AspectJAwareAdvisorAutoProxyCreator.java:103)
	at org.springframework.aop.framework.autoproxy.AbstractAutoProxyCreator.postProcessBeforeInstantiation(AbstractAutoProxyCreator.java:241)
	at org.springframework.beans.factory.support.AbstractAutowireCapableBeanFactory.applyBeanPostProcessorsBeforeInstantiation(AbstractAutowireCapableBeanFactory.java:977)
	at org.springframework.beans.factory.support.AbstractAutowireCapableBeanFactory.resolveBeforeInstantiation(AbstractAutowireCapableBeanFactory.java:948)
	at org.springframework.beans.factory.support.AbstractAutowireCapableBeanFactory.createBean(AbstractAutowireCapableBeanFactory.java:466)
	... 51 more
Caused by: org.springframework.beans.factory.BeanCreationException: Error creating bean with name 'org.springframework.transaction.annotation.AnnotationTransactionAttributeSource#0': Initialization of bean failed; nested exception is java.lang.IllegalArgumentException: Pointcut is not well-formed: expecting ')' at character position 0
execution(* com.dao.*.*(..)) && !execution(* com.service.QrcheckService.getQrcheck(String)
^

	at org.springframework.beans.factory.support.AbstractAutowireCapableBeanFactory.doCreateBean(AbstractAutowireCapableBeanFactory.java:548)
	at org.springframework.beans.factory.support.AbstractAutowireCapableBeanFactory.createBean(AbstractAutowireCapableBeanFactory.java:476)
	at org.springframework.beans.factory.support.AbstractBeanFactory$1.getObject(AbstractBeanFactory.java:302)
	at org.springframework.beans.factory.support.DefaultSingletonBeanRegistry.getSingleton(DefaultSingletonBeanRegistry.java:229)
	at org.springframework.beans.factory.support.AbstractBeanFactory.doGetBean(AbstractBeanFactory.java:298)
	at org.springframework.beans.factory.support.AbstractBeanFactory.getBean(AbstractBeanFactory.java:193)
	at org.springframework.beans.factory.support.BeanDefinitionValueResolver.resolveReference(BeanDefinitionValueResolver.java:328)
	... 68 more
Caused by: java.lang.IllegalArgumentException: Pointcut is not well-formed: expecting ')' at character position 0
execution(* com.dao.*.*(..)) && !execution(* com.service.QrcheckService.getQrcheck(String)
^

	at org.aspectj.weaver.tools.PointcutParser.resolvePointcutExpression(PointcutParser.java:334)
	at org.aspectj.weaver.reflect.InternalUseOnlyPointcutParser.resolvePointcutExpression(InternalUseOnlyPointcutParser.java:36)
	at org.aspectj.weaver.reflect.Java15ReflectionBasedReferenceTypeDelegate.getDeclaredPointcuts(Java15ReflectionBasedReferenceTypeDelegate.java:309)
	at org.aspectj.weaver.ReferenceType.getDeclaredPointcuts(ReferenceType.java:890)
	at org.aspectj.weaver.ResolvedType$PointcutGetter.get(ResolvedType.java:243)
	at org.aspectj.weaver.ResolvedType$PointcutGetter.get(ResolvedType.java:241)
	at org.aspectj.weaver.Iterators$4$1.hasNext(Iterators.java:213)
	at org.aspectj.weaver.Iterators$4.hasNext(Iterators.java:230)
	at org.aspectj.weaver.ResolvedType.findPointcut(ResolvedType.java:743)
	at org.aspectj.weaver.patterns.ReferencePointcut.resolveBindings(ReferencePointcut.java:148)
	at org.aspectj.weaver.patterns.Pointcut.resolve(Pointcut.java:189)
	at org.aspectj.weaver.tools.PointcutParser.resolvePointcutExpression(PointcutParser.java:331)
	at org.aspectj.weaver.tools.PointcutParser.parsePointcutExpression(PointcutParser.java:312)
	at org.springframework.aop.aspectj.AspectJExpressionPointcut.buildPointcutExpression(AspectJExpressionPointcut.java:206)
	at org.springframework.aop.aspectj.AspectJExpressionPointcut.checkReadyToMatch(AspectJExpressionPointcut.java:192)
	at org.springframework.aop.aspectj.AspectJExpressionPointcut.getClassFilter(AspectJExpressionPointcut.java:169)
	at org.springframework.aop.support.AopUtils.canApply(AopUtils.java:208)
	at org.springframework.aop.support.AopUtils.canApply(AopUtils.java:262)
	at org.springframework.aop.support.AopUtils.findAdvisorsThatCanApply(AopUtils.java:294)
	at org.springframework.aop.framework.autoproxy.AbstractAdvisorAutoProxyCreator.findAdvisorsThatCanApply(AbstractAdvisorAutoProxyCreator.java:118)
	at org.springframework.aop.framework.autoproxy.AbstractAdvisorAutoProxyCreator.findEligibleAdvisors(AbstractAdvisorAutoProxyCreator.java:88)
	at org.springframework.aop.framework.autoproxy.AbstractAdvisorAutoProxyCreator.getAdvicesAndAdvisorsForBean(AbstractAdvisorAutoProxyCreator.java:69)
	at org.springframework.aop.framework.autoproxy.AbstractAutoProxyCreator.wrapIfNecessary(AbstractAutoProxyCreator.java:328)
	at org.springframework.aop.framework.autoproxy.AbstractAutoProxyCreator.postProcessAfterInitialization(AbstractAutoProxyCreator.java:291)
	at org.springframework.beans.factory.support.AbstractAutowireCapableBeanFactory.applyBeanPostProcessorsAfterInitialization(AbstractAutowireCapableBeanFactory.java:422)
	at org.springframework.beans.factory.support.AbstractAutowireCapableBeanFactory.initializeBean(AbstractAutowireCapableBeanFactory.java:1573)
	at org.springframework.beans.factory.support.AbstractAutowireCapableBeanFactory.doCreateBean(AbstractAutowireCapableBeanFactory.java:540)
	... 74 more
2017-12-25 17:49:24  ERROR 4529ms|>- Context initialization failed
 <org.springframework.web.context.ContextLoader.initWebApplicationContext(ContextLoader.java:331)> 
org.springframework.beans.factory.BeanCreationException: Error creating bean with name 'indexAnd' defined in file [D:\MyEclipse\apache-tomcat-9.0.1\webapps\shoppingSSM\WEB-INF\classes\com\Android\servelet\IndexAnd.class]: BeanPostProcessor before instantiation of bean failed; nested exception is org.springframework.beans.factory.BeanCreationException: Error creating bean with name 'org.springframework.transaction.config.internalTransactionAdvisor': Cannot resolve reference to bean 'org.springframework.transaction.annotation.AnnotationTransactionAttributeSource#0' while setting bean property 'transactionAttributeSource'; nested exception is org.springframework.beans.factory.BeanCreationException: Error creating bean with name 'org.springframework.transaction.annotation.AnnotationTransactionAttributeSource#0': Initialization of bean failed; nested exception is java.lang.IllegalArgumentException: Pointcut is not well-formed: expecting ')' at character position 0
execution(* com.dao.*.*(..)) && !execution(* com.service.QrcheckService.getQrcheck(String)
^

	at org.springframework.beans.factory.support.AbstractAutowireCapableBeanFactory.createBean(AbstractAutowireCapableBeanFactory.java:472)
	at org.springframework.beans.factory.support.AbstractBeanFactory$1.getObject(AbstractBeanFactory.java:302)
	at org.springframework.beans.factory.support.DefaultSingletonBeanRegistry.getSingleton(DefaultSingletonBeanRegistry.java:229)
	at org.springframework.beans.factory.support.AbstractBeanFactory.doGetBean(AbstractBeanFactory.java:298)
	at org.springframework.beans.factory.support.AbstractBeanFactory.getBean(AbstractBeanFactory.java:193)
	at org.springframework.beans.factory.support.DefaultListableBeanFactory.preInstantiateSingletons(DefaultListableBeanFactory.java:725)
	at org.springframework.context.support.AbstractApplicationContext.finishBeanFactoryInitialization(AbstractApplicationContext.java:757)
	at org.springframework.context.support.AbstractApplicationContext.refresh(AbstractApplicationContext.java:480)
	at org.springframework.web.context.ContextLoader.configureAndRefreshWebApplicationContext(ContextLoader.java:403)
	at org.springframework.web.context.ContextLoader.initWebApplicationContext(ContextLoader.java:306)
	at org.springframework.web.context.ContextLoaderListener.contextInitialized(ContextLoaderListener.java:106)
	at org.apache.catalina.core.StandardContext.listenerStart(StandardContext.java:4643)
	at org.apache.catalina.core.StandardContext.startInternal(StandardContext.java:5105)
	at org.apache.catalina.util.LifecycleBase.start(LifecycleBase.java:183)
	at org.apache.catalina.core.ContainerBase.addChildInternal(ContainerBase.java:740)
	at org.apache.catalina.core.ContainerBase.addChild(ContainerBase.java:716)
	at org.apache.catalina.core.StandardHost.addChild(StandardHost.java:703)
	at org.apache.catalina.startup.HostConfig.deployDirectory(HostConfig.java:1134)
	at org.apache.catalina.startup.HostConfig$DeployDirectory.run(HostConfig.java:1868)
	at java.util.concurrent.Executors$RunnableAdapter.call(Executors.java:511)
	at java.util.concurrent.FutureTask.run(FutureTask.java:266)
	at org.apache.tomcat.util.threads.InlineExecutorService.execute(InlineExecutorService.java:75)
	at java.util.concurrent.AbstractExecutorService.submit(AbstractExecutorService.java:112)
	at org.apache.catalina.startup.HostConfig.deployDirectories(HostConfig.java:1045)
	at org.apache.catalina.startup.HostConfig.deployApps(HostConfig.java:433)
	at org.apache.catalina.startup.HostConfig.start(HostConfig.java:1578)
	at org.apache.catalina.startup.HostConfig.lifecycleEvent(HostConfig.java:308)
	at org.apache.catalina.util.LifecycleBase.fireLifecycleEvent(LifecycleBase.java:123)
	at org.apache.catalina.util.LifecycleBase.setStateInternal(LifecycleBase.java:424)
	at org.apache.catalina.util.LifecycleBase.setState(LifecycleBase.java:367)
	at org.apache.catalina.core.ContainerBase.startInternal(ContainerBase.java:964)
	at org.apache.catalina.core.StandardHost.startInternal(StandardHost.java:839)
	at org.apache.catalina.util.LifecycleBase.start(LifecycleBase.java:183)
	at org.apache.catalina.core.ContainerBase$StartChild.call(ContainerBase.java:1425)
	at org.apache.catalina.core.ContainerBase$StartChild.call(ContainerBase.java:1415)
	at java.util.concurrent.FutureTask.run(FutureTask.java:266)
	at org.apache.tomcat.util.threads.InlineExecutorService.execute(InlineExecutorService.java:75)
	at java.util.concurrent.AbstractExecutorService.submit(AbstractExecutorService.java:134)
	at org.apache.catalina.core.ContainerBase.startInternal(ContainerBase.java:941)
	at org.apache.catalina.core.StandardEngine.startInternal(StandardEngine.java:258)
	at org.apache.catalina.util.LifecycleBase.start(LifecycleBase.java:183)
	at org.apache.catalina.core.StandardService.startInternal(StandardService.java:422)
	at org.apache.catalina.util.LifecycleBase.start(LifecycleBase.java:183)
	at org.apache.catalina.core.StandardServer.startInternal(StandardServer.java:770)
	at org.apache.catalina.util.LifecycleBase.start(LifecycleBase.java:183)
	at org.apache.catalina.startup.Catalina.start(Catalina.java:671)
	at sun.reflect.NativeMethodAccessorImpl.invoke0(Native Method)
	at sun.reflect.NativeMethodAccessorImpl.invoke(NativeMethodAccessorImpl.java:62)
	at sun.reflect.DelegatingMethodAccessorImpl.invoke(DelegatingMethodAccessorImpl.java:43)
	at java.lang.reflect.Method.invoke(Method.java:497)
	at org.apache.catalina.startup.Bootstrap.start(Bootstrap.java:355)
	at org.apache.catalina.startup.Bootstrap.main(Bootstrap.java:495)
Caused by: org.springframework.beans.factory.BeanCreationException: Error creating bean with name 'org.springframework.transaction.config.internalTransactionAdvisor': Cannot resolve reference to bean 'org.springframework.transaction.annotation.AnnotationTransactionAttributeSource#0' while setting bean property 'transactionAttributeSource'; nested exception is org.springframework.beans.factory.BeanCreationException: Error creating bean with name 'org.springframework.transaction.annotation.AnnotationTransactionAttributeSource#0': Initialization of bean failed; nested exception is java.lang.IllegalArgumentException: Pointcut is not well-formed: expecting ')' at character position 0
execution(* com.dao.*.*(..)) && !execution(* com.service.QrcheckService.getQrcheck(String)
^

	at org.springframework.beans.factory.support.BeanDefinitionValueResolver.resolveReference(BeanDefinitionValueResolver.java:336)
	at org.springframework.beans.factory.support.BeanDefinitionValueResolver.resolveValueIfNecessary(BeanDefinitionValueResolver.java:108)
	at org.springframework.beans.factory.support.AbstractAutowireCapableBeanFactory.applyPropertyValues(AbstractAutowireCapableBeanFactory.java:1471)
	at org.springframework.beans.factory.support.AbstractAutowireCapableBeanFactory.populateBean(AbstractAutowireCapableBeanFactory.java:1216)
	at org.springframework.beans.factory.support.AbstractAutowireCapableBeanFactory.doCreateBean(AbstractAutowireCapableBeanFactory.java:538)
	at org.springframework.beans.factory.support.AbstractAutowireCapableBeanFactory.createBean(AbstractAutowireCapableBeanFactory.java:476)
	at org.springframework.beans.factory.support.AbstractBeanFactory$1.getObject(AbstractBeanFactory.java:302)
	at org.springframework.beans.factory.support.DefaultSingletonBeanRegistry.getSingleton(DefaultSingletonBeanRegistry.java:229)
	at org.springframework.beans.factory.support.AbstractBeanFactory.doGetBean(AbstractBeanFactory.java:298)
	at org.springframework.beans.factory.support.AbstractBeanFactory.getBean(AbstractBeanFactory.java:198)
	at org.springframework.aop.framework.autoproxy.BeanFactoryAdvisorRetrievalHelper.findAdvisorBeans(BeanFactoryAdvisorRetrievalHelper.java:92)
	at org.springframework.aop.framework.autoproxy.AbstractAdvisorAutoProxyCreator.findCandidateAdvisors(AbstractAdvisorAutoProxyCreator.java:101)
	at org.springframework.aop.aspectj.annotation.AnnotationAwareAspectJAutoProxyCreator.findCandidateAdvisors(AnnotationAwareAspectJAutoProxyCreator.java:85)
	at org.springframework.aop.aspectj.autoproxy.AspectJAwareAdvisorAutoProxyCreator.shouldSkip(AspectJAwareAdvisorAutoProxyCreator.java:103)
	at org.springframework.aop.framework.autoproxy.AbstractAutoProxyCreator.postProcessBeforeInstantiation(AbstractAutoProxyCreator.java:241)
	at org.springframework.beans.factory.support.AbstractAutowireCapableBeanFactory.applyBeanPostProcessorsBeforeInstantiation(AbstractAutowireCapableBeanFactory.java:977)
	at org.springframework.beans.factory.support.AbstractAutowireCapableBeanFactory.resolveBeforeInstantiation(AbstractAutowireCapableBeanFactory.java:948)
	at org.springframework.beans.factory.support.AbstractAutowireCapableBeanFactory.createBean(AbstractAutowireCapableBeanFactory.java:466)
	... 51 more
Caused by: org.springframework.beans.factory.BeanCreationException: Error creating bean with name 'org.springframework.transaction.annotation.AnnotationTransactionAttributeSource#0': Initialization of bean failed; nested exception is java.lang.IllegalArgumentException: Pointcut is not well-formed: expecting ')' at character position 0
execution(* com.dao.*.*(..)) && !execution(* com.service.QrcheckService.getQrcheck(String)
^

	at org.springframework.beans.factory.support.AbstractAutowireCapableBeanFactory.doCreateBean(AbstractAutowireCapableBeanFactory.java:548)
	at org.springframework.beans.factory.support.AbstractAutowireCapableBeanFactory.createBean(AbstractAutowireCapableBeanFactory.java:476)
	at org.springframework.beans.factory.support.AbstractBeanFactory$1.getObject(AbstractBeanFactory.java:302)
	at org.springframework.beans.factory.support.DefaultSingletonBeanRegistry.getSingleton(DefaultSingletonBeanRegistry.java:229)
	at org.springframework.beans.factory.support.AbstractBeanFactory.doGetBean(AbstractBeanFactory.java:298)
	at org.springframework.beans.factory.support.AbstractBeanFactory.getBean(AbstractBeanFactory.java:193)
	at org.springframework.beans.factory.support.BeanDefinitionValueResolver.resolveReference(BeanDefinitionValueResolver.java:328)
	... 68 more
Caused by: java.lang.IllegalArgumentException: Pointcut is not well-formed: expecting ')' at character position 0
execution(* com.dao.*.*(..)) && !execution(* com.service.QrcheckService.getQrcheck(String)
^

	at org.aspectj.weaver.tools.PointcutParser.resolvePointcutExpression(PointcutParser.java:334)
	at org.aspectj.weaver.reflect.InternalUseOnlyPointcutParser.resolvePointcutExpression(InternalUseOnlyPointcutParser.java:36)
	at org.aspectj.weaver.reflect.Java15ReflectionBasedReferenceTypeDelegate.getDeclaredPointcuts(Java15ReflectionBasedReferenceTypeDelegate.java:309)
	at org.aspectj.weaver.ReferenceType.getDeclaredPointcuts(ReferenceType.java:890)
	at org.aspectj.weaver.ResolvedType$PointcutGetter.get(ResolvedType.java:243)
	at org.aspectj.weaver.ResolvedType$PointcutGetter.get(ResolvedType.java:241)
	at org.aspectj.weaver.Iterators$4$1.hasNext(Iterators.java:213)
	at org.aspectj.weaver.Iterators$4.hasNext(Iterators.java:230)
	at org.aspectj.weaver.ResolvedType.findPointcut(ResolvedType.java:743)
	at org.aspectj.weaver.patterns.ReferencePointcut.resolveBindings(ReferencePointcut.java:148)
	at org.aspectj.weaver.patterns.Pointcut.resolve(Pointcut.java:189)
	at org.aspectj.weaver.tools.PointcutParser.resolvePointcutExpression(PointcutParser.java:331)
	at org.aspectj.weaver.tools.PointcutParser.parsePointcutExpression(PointcutParser.java:312)
	at org.springframework.aop.aspectj.AspectJExpressionPointcut.buildPointcutExpression(AspectJExpressionPointcut.java:206)
	at org.springframework.aop.aspectj.AspectJExpressionPointcut.checkReadyToMatch(AspectJExpressionPointcut.java:192)
	at org.springframework.aop.aspectj.AspectJExpressionPointcut.getClassFilter(AspectJExpressionPointcut.java:169)
	at org.springframework.aop.support.AopUtils.canApply(AopUtils.java:208)
	at org.springframework.aop.support.AopUtils.canApply(AopUtils.java:262)
	at org.springframework.aop.support.AopUtils.findAdvisorsThatCanApply(AopUtils.java:294)
	at org.springframework.aop.framework.autoproxy.AbstractAdvisorAutoProxyCreator.findAdvisorsThatCanApply(AbstractAdvisorAutoProxyCreator.java:118)
	at org.springframework.aop.framework.autoproxy.AbstractAdvisorAutoProxyCreator.findEligibleAdvisors(AbstractAdvisorAutoProxyCreator.java:88)
	at org.springframework.aop.framework.autoproxy.AbstractAdvisorAutoProxyCreator.getAdvicesAndAdvisorsForBean(AbstractAdvisorAutoProxyCreator.java:69)
	at org.springframework.aop.framework.autoproxy.AbstractAutoProxyCreator.wrapIfNecessary(AbstractAutoProxyCreator.java:328)
	at org.springframework.aop.framework.autoproxy.AbstractAutoProxyCreator.postProcessAfterInitialization(AbstractAutoProxyCreator.java:291)
	at org.springframework.beans.factory.support.AbstractAutowireCapableBeanFactory.applyBeanPostProcessorsAfterInitialization(AbstractAutowireCapableBeanFactory.java:422)
	at org.springframework.beans.factory.support.AbstractAutowireCapableBeanFactory.initializeBean(AbstractAutowireCapableBeanFactory.java:1573)
	at org.springframework.beans.factory.support.AbstractAutowireCapableBeanFactory.doCreateBean(AbstractAutowireCapableBeanFactory.java:540)
	... 74 more
